#
# There is insufficient memory for the Java Runtime Environment to continue.
# Native memory allocation (malloc) failed to allocate 222128 bytes. Error detail: Chunk::new
# Possible reasons:
#   The system is out of physical RAM or swap space
#   This process is running with CompressedOops enabled, and the Java Heap may be blocking the growth of the native heap
# Possible solutions:
#   Reduce memory load on the system
#   Increase physical memory or swap space
#   Check if swap backing store is full
#   Decrease Java heap size (-Xmx/-Xms)
#   Decrease number of Java threads
#   Decrease Java thread stack sizes (-Xss)
#   Set larger code cache with -XX:ReservedCodeCacheSize=
#   JVM is running with Unscaled Compressed Oops mode in which the Java heap is
#     placed in the first 4GB address space. The Java Heap base address is the
#     maximum limit for the native heap growth. Please use -XX:HeapBaseMinAddress
#     to set the Java Heap base and to place the Java Heap above 4GB virtual address.
# This output file may be truncated or incomplete.
#
#  Out of Memory Error (arena.cpp:168), pid=22356, tid=20708
#
# JRE version: OpenJDK Runtime Environment Temurin-21.0.9+10 (21.0.9+10) (build 21.0.9+10-LTS)
# Java VM: OpenJDK 64-Bit Server VM Temurin-21.0.9+10 (21.0.9+10-LTS, mixed mode, sharing, tiered, compressed oops, compressed class ptrs, parallel gc, windows-amd64)
# No core dump will be written. Minidumps are not enabled by default on client versions of Windows
#

---------------  S U M M A R Y ------------

Command Line: --add-modules=ALL-SYSTEM --add-opens=java.base/java.util=ALL-UNNAMED --add-opens=java.base/java.lang=ALL-UNNAMED --add-opens=java.base/sun.nio.fs=ALL-UNNAMED -Declipse.application=org.eclipse.jdt.ls.core.id1 -Dosgi.bundles.defaultStartLevel=4 -Declipse.product=org.eclipse.jdt.ls.core.product -Djava.import.generatesMetadataFilesAtProjectRoot=false -DDetectVMInstallationsJob.disabled=true -Dfile.encoding=utf8 -XX:+UseParallelGC -XX:GCTimeRatio=4 -XX:AdaptiveSizePolicyWeight=90 -Dsun.zip.disableMemoryMapping=true -Xmx2G -Xms100m -Xlog:disable -javaagent:c:\Users\USER\.antigravity\extensions\redhat.java-1.50.0-win32-x64\lombok\lombok-1.18.39-4050.jar -XX:+HeapDumpOnOutOfMemoryError -XX:HeapDumpPath=c:\Users\USER\AppData\Roaming\Antigravity\User\workspaceStorage\c3891aad2a8c1fb709b3631fa8da7d99\redhat.java -Daether.dependencyCollector.impl=bf c:\Users\USER\.antigravity\extensions\redhat.java-1.50.0-win32-x64\server\plugins\org.eclipse.equinox.launcher_1.7.100.v20251111-0406.jar -configuration c:\Users\USER\AppData\Roaming\Antigravity\User\globalStorage\redhat.java\1.50.0\config_win -data c:\Users\USER\AppData\Roaming\Antigravity\User\workspaceStorage\c3891aad2a8c1fb709b3631fa8da7d99\redhat.java\jdt_ws --pipe=\\.\pipe\lsp-d09b9cd0b816b89b41ac158d447fed81-sock

Host: AMD Ryzen 3 3250U with Radeon Graphics         , 4 cores, 5G,  Windows 11 , 64 bit Build 26100 (10.0.26100.7309)
Time: Mon Dec 22 18:36:07 2025 SE Asia Standard Time elapsed time: 4.571534 seconds (0d 0h 0m 4s)

---------------  T H R E A D  ---------------

Current thread (0x000001e65c5daa40):  JavaThread "C2 CompilerThread1" daemon [_thread_in_native, id=20708, stack(0x000000325c100000,0x000000325c200000) (1024K)]


Current CompileTask:
C2:4571 1319       4       java.io.DataInputStream::readFully (59 bytes)

Stack: [0x000000325c100000,0x000000325c200000]
Native frames: (J=compiled Java code, j=interpreted, Vv=VM code, C=native code)
V  [jvm.dll+0x6d6e29]
V  [jvm.dll+0x8b4b76]
V  [jvm.dll+0x8b712e]
V  [jvm.dll+0x8b7813]
V  [jvm.dll+0x283d86]
V  [jvm.dll+0xc66ed]
V  [jvm.dll+0xc6c31]
V  [jvm.dll+0x3be53b]
V  [jvm.dll+0x38ab92]
V  [jvm.dll+0x389fda]
V  [jvm.dll+0x24bfa0]
V  [jvm.dll+0x24b580]
V  [jvm.dll+0x1cb13e]
V  [jvm.dll+0x25b29d]
V  [jvm.dll+0x25982a]
V  [jvm.dll+0x3f7ea6]
V  [jvm.dll+0x85e9ad]
V  [jvm.dll+0x6d565d]
C  [ucrtbase.dll+0x37b0]
C  [KERNEL32.DLL+0x2e8d7]
C  [ntdll.dll+0x8c53c]


---------------  P R O C E S S  ---------------

Threads class SMR info:
_java_thread_list=0x000001e65c987870, length=12, elements={
0x000001e67ddddd80, 0x000001e67de9d620, 0x000001e67de9e4c0, 0x000001e616281830,
0x000001e616284390, 0x000001e616284de0, 0x000001e616287840, 0x000001e6162885c0,
0x000001e616300f80, 0x000001e65c146b70, 0x000001e65c163fb0, 0x000001e65c5daa40
}

Java Threads: ( => current thread )
  0x000001e67ddddd80 JavaThread "main"                              [_thread_in_native, id=6096, stack(0x000000325b300000,0x000000325b400000) (1024K)]
  0x000001e67de9d620 JavaThread "Reference Handler"          daemon [_thread_blocked, id=20716, stack(0x000000325b700000,0x000000325b800000) (1024K)]
  0x000001e67de9e4c0 JavaThread "Finalizer"                  daemon [_thread_blocked, id=24176, stack(0x000000325b800000,0x000000325b900000) (1024K)]
  0x000001e616281830 JavaThread "Signal Dispatcher"          daemon [_thread_blocked, id=9064, stack(0x000000325b900000,0x000000325ba00000) (1024K)]
  0x000001e616284390 JavaThread "Attach Listener"            daemon [_thread_blocked, id=9420, stack(0x000000325ba00000,0x000000325bb00000) (1024K)]
  0x000001e616284de0 JavaThread "Service Thread"             daemon [_thread_blocked, id=7352, stack(0x000000325bb00000,0x000000325bc00000) (1024K)]
  0x000001e616287840 JavaThread "Monitor Deflation Thread"   daemon [_thread_blocked, id=24116, stack(0x000000325bc00000,0x000000325bd00000) (1024K)]
  0x000001e6162885c0 JavaThread "C2 CompilerThread0"         daemon [_thread_in_native, id=5620, stack(0x000000325bd00000,0x000000325be00000) (1024K)]
  0x000001e616300f80 JavaThread "C1 CompilerThread0"         daemon [_thread_blocked, id=5028, stack(0x000000325be00000,0x000000325bf00000) (1024K)]
  0x000001e65c146b70 JavaThread "Common-Cleaner"             daemon [_thread_blocked, id=22620, stack(0x000000325bf00000,0x000000325c000000) (1024K)]
  0x000001e65c163fb0 JavaThread "Notification Thread"        daemon [_thread_blocked, id=13872, stack(0x000000325c000000,0x000000325c100000) (1024K)]
=>0x000001e65c5daa40 JavaThread "C2 CompilerThread1"         daemon [_thread_in_native, id=20708, stack(0x000000325c100000,0x000000325c200000) (1024K)]
Total: 12

Other Threads:
  0x000001e61627f6b0 VMThread "VM Thread"                           [id=7360, stack(0x000000325b600000,0x000000325b700000) (1024K)]
  0x000001e61621be00 WatcherThread "VM Periodic Task Thread"        [id=24184, stack(0x000000325b500000,0x000000325b600000) (1024K)]
  0x000001e67ddfe390 WorkerThread "GC Thread#0"                     [id=11356, stack(0x000000325b400000,0x000000325b500000) (1024K)]
  0x000001e65c809410 WorkerThread "GC Thread#1"                     [id=10604, stack(0x000000325c200000,0x000000325c300000) (1024K)]
  0x000001e65cab2c20 WorkerThread "GC Thread#2"                     [id=19160, stack(0x000000325c300000,0x000000325c400000) (1024K)]
  0x000001e65c7b2f70 WorkerThread "GC Thread#3"                     [id=2552, stack(0x000000325c400000,0x000000325c500000) (1024K)]
Total: 6

Threads with active compile tasks:
C2 CompilerThread0  4611 1309       4       java.io.DataInputStream::readUTF (501 bytes)
C2 CompilerThread1  4611 1319       4       java.io.DataInputStream::readFully (59 bytes)
Total: 2

VM state: not at safepoint (normal execution)

VM Mutex/Monitor currently owned by a thread: None

Heap address: 0x0000000080000000, size: 2048 MB, Compressed Oops mode: 32-bit

CDS archive(s) mapped at: [0x000001e617000000-0x000001e617ba0000-0x000001e617ba0000), size 12189696, SharedBaseAddress: 0x000001e617000000, ArchiveRelocationMode: 1.
Compressed class space mapped at: 0x000001e618000000-0x000001e658000000, reserved size: 1073741824
Narrow klass base: 0x000001e617000000, Narrow klass shift: 0, Narrow klass range: 0x100000000

GC Precious Log:
 CardTable entry size: 512
 CPUs: 4 total, 4 available
 Memory: 6059M
 Large Page Support: Disabled
 NUMA Support: Disabled
 Compressed Oops: Enabled (32-bit)
 Alignments: Space 512K, Generation 512K, Heap 2M
 Heap Min Capacity: 100M
 Heap Initial Capacity: 100M
 Heap Max Capacity: 2G
 Pre-touch: Disabled
 Parallel Workers: 4

Heap:
 PSYoungGen      total 29696K, used 10796K [0x00000000d5580000, 0x00000000d7680000, 0x0000000100000000)
  eden space 25600K, 29% used [0x00000000d5580000,0x00000000d5cd1348,0x00000000d6e80000)
  from space 4096K, 80% used [0x00000000d6e80000,0x00000000d71b9e98,0x00000000d7280000)
  to   space 4096K, 0% used [0x00000000d7280000,0x00000000d7280000,0x00000000d7680000)
 ParOldGen       total 68608K, used 16K [0x0000000080000000, 0x0000000084300000, 0x00000000d5580000)
  object space 68608K, 0% used [0x0000000080000000,0x0000000080004000,0x0000000084300000)
 Metaspace       used 5895K, committed 6208K, reserved 1114112K
  class space    used 610K, committed 768K, reserved 1048576K

Card table byte_map: [0x000001e67d780000,0x000001e67db90000] _byte_map_base: 0x000001e67d380000

Marking Bits: (ParMarkBitMap*) 0x00007ffddc552460
 Begin Bits: [0x000001e612140000, 0x000001e614140000)
 End Bits:   [0x000001e614140000, 0x000001e616140000)

Polling page: 0x000001e67bb00000

Metaspace:

Usage:
  Non-class:      5.16 MB used.
      Class:    610.63 KB used.
       Both:      5.76 MB used.

Virtual space:
  Non-class space:       64.00 MB reserved,       5.31 MB (  8%) committed,  1 nodes.
      Class space:        1.00 GB reserved,     768.00 KB ( <1%) committed,  1 nodes.
             Both:        1.06 GB reserved,       6.06 MB ( <1%) committed. 

Chunk freelists:
   Non-Class:  10.17 MB
       Class:  15.08 MB
        Both:  25.25 MB

MaxMetaspaceSize: unlimited
CompressedClassSpaceSize: 1.00 GB
Initial GC threshold: 21.00 MB
Current GC threshold: 21.00 MB
CDS: on
 - commit_granule_bytes: 65536.
 - commit_granule_words: 8192.
 - virtual_space_node_default_size: 8388608.
 - enlarge_chunks_in_place: 1.
 - use_allocation_guard: 0.


Internal statistics:

num_allocs_failed_limit: 0.
num_arena_births: 190.
num_arena_deaths: 0.
num_vsnodes_births: 2.
num_vsnodes_deaths: 0.
num_space_committed: 97.
num_space_uncommitted: 0.
num_chunks_returned_to_freelist: 0.
num_chunks_taken_from_freelist: 310.
num_chunk_merges: 0.
num_chunk_splits: 197.
num_chunks_enlarged: 122.
num_inconsistent_stats: 0.

CodeHeap 'non-profiled nmethods': size=120000Kb used=527Kb max_used=527Kb free=119472Kb
 bounds [0x000001e60ac10000, 0x000001e60ae80000, 0x000001e612140000]
CodeHeap 'profiled nmethods': size=120000Kb used=2281Kb max_used=2281Kb free=117719Kb
 bounds [0x000001e603140000, 0x000001e6033b0000, 0x000001e60a670000]
CodeHeap 'non-nmethods': size=5760Kb used=1203Kb max_used=1217Kb free=4556Kb
 bounds [0x000001e60a670000, 0x000001e60a8e0000, 0x000001e60ac10000]
CodeCache: size=245760Kb, used=4011Kb, max_used=4025Kb, free=241747Kb
 total_blobs=1795, nmethods=1325, adapters=377, full_count=0
Compilation: enabled, stopped_count=0, restarted_count=0

Compilation events (20 events):
Event: 4.529 Thread 0x000001e616300f80 nmethod 1321 0x000001e60336cd90 code [0x000001e60336cf60, 0x000001e60336d1f8]
Event: 4.552 Thread 0x000001e616300f80 1328       3       org.eclipse.osgi.container.ModuleDatabase$Persistence::readMap (118 bytes)
Event: 4.552 Thread 0x000001e65c5daa40 1319       4       java.io.DataInputStream::readFully (59 bytes)
Event: 4.555 Thread 0x000001e616300f80 nmethod 1328 0x000001e60336d310 code [0x000001e60336d6c0, 0x000001e60336ec48]
Event: 4.555 Thread 0x000001e616300f80 1326       3       org.eclipse.osgi.container.ModuleDatabase$Persistence::readVersion0 (96 bytes)
Event: 4.558 Thread 0x000001e616300f80 nmethod 1326 0x000001e60336f590 code [0x000001e60336f9e0, 0x000001e603371800]
Event: 4.559 Thread 0x000001e616300f80 1327       3       org.eclipse.osgi.container.ModuleDatabase$Persistence::readVersion (7 bytes)
Event: 4.559 Thread 0x000001e616300f80 nmethod 1327 0x000001e603372210 code [0x000001e6033723c0, 0x000001e6033724e0]
Event: 4.559 Thread 0x000001e616300f80 1329       3       org.eclipse.osgi.container.ModuleDatabase$Persistence::readIndexedMap (16 bytes)
Event: 4.560 Thread 0x000001e616300f80 nmethod 1329 0x000001e603372590 code [0x000001e6033727c0, 0x000001e603372eb8]
Event: 4.560 Thread 0x000001e616300f80 1330       3       java.util.Collections::unmodifiableMap (22 bytes)
Event: 4.560 Thread 0x000001e616300f80 nmethod 1330 0x000001e603373210 code [0x000001e603373400, 0x000001e603373850]
Event: 4.560 Thread 0x000001e616300f80 1331       3       java.util.Collections$UnmodifiableMap::<init> (22 bytes)
Event: 4.560 Thread 0x000001e616300f80 nmethod 1331 0x000001e603373a10 code [0x000001e603373bc0, 0x000001e603373e40]
Event: 4.561 Thread 0x000001e616300f80 1323       3       org.eclipse.osgi.container.ModuleDatabase$Persistence::readString (7 bytes)
Event: 4.561 Thread 0x000001e616300f80 nmethod 1323 0x000001e603373f90 code [0x000001e603374140, 0x000001e603374260]
Event: 4.561 Thread 0x000001e616300f80 1325       3       org.eclipse.osgi.container.ModuleDatabase$Persistence::readMapValue (111 bytes)
Event: 4.564 Thread 0x000001e616300f80 nmethod 1325 0x000001e603374310 code [0x000001e6033746a0, 0x000001e6033759f8]
Event: 4.564 Thread 0x000001e616300f80 1322       3       java.lang.StringLatin1::toChars (16 bytes)
Event: 4.565 Thread 0x000001e616300f80 nmethod 1322 0x000001e603376110 code [0x000001e6033762c0, 0x000001e6033764a0]

GC Heap History (2 events):
Event: 3.729 GC heap before
{Heap before GC invocations=1 (full 0):
 PSYoungGen      total 29696K, used 25600K [0x00000000d5580000, 0x00000000d7680000, 0x0000000100000000)
  eden space 25600K, 100% used [0x00000000d5580000,0x00000000d6e80000,0x00000000d6e80000)
  from space 4096K, 0% used [0x00000000d7280000,0x00000000d7280000,0x00000000d7680000)
  to   space 4096K, 0% used [0x00000000d6e80000,0x00000000d6e80000,0x00000000d7280000)
 ParOldGen       total 68608K, used 0K [0x0000000080000000, 0x0000000084300000, 0x00000000d5580000)
  object space 68608K, 0% used [0x0000000080000000,0x0000000080000000,0x0000000084300000)
 Metaspace       used 4367K, committed 4608K, reserved 1114112K
  class space    used 473K, committed 576K, reserved 1048576K
}
Event: 3.738 GC heap after
{Heap after GC invocations=1 (full 0):
 PSYoungGen      total 29696K, used 3303K [0x00000000d5580000, 0x00000000d7680000, 0x0000000100000000)
  eden space 25600K, 0% used [0x00000000d5580000,0x00000000d5580000,0x00000000d6e80000)
  from space 4096K, 80% used [0x00000000d6e80000,0x00000000d71b9e98,0x00000000d7280000)
  to   space 4096K, 0% used [0x00000000d7280000,0x00000000d7280000,0x00000000d7680000)
 ParOldGen       total 68608K, used 16K [0x0000000080000000, 0x0000000084300000, 0x00000000d5580000)
  object space 68608K, 0% used [0x0000000080000000,0x0000000080004000,0x0000000084300000)
 Metaspace       used 4367K, committed 4608K, reserved 1114112K
  class space    used 473K, committed 576K, reserved 1048576K
}

Dll operation events (8 events):
Event: 0.132 Loaded shared library c:\Users\USER\.antigravity\extensions\redhat.java-1.50.0-win32-x64\jre\21.0.9-win32-x86_64\bin\java.dll
Event: 0.969 Loaded shared library c:\Users\USER\.antigravity\extensions\redhat.java-1.50.0-win32-x64\jre\21.0.9-win32-x86_64\bin\zip.dll
Event: 1.170 Loaded shared library C:\Users\USER\.antigravity\extensions\redhat.java-1.50.0-win32-x64\jre\21.0.9-win32-x86_64\bin\instrument.dll
Event: 1.206 Loaded shared library C:\Users\USER\.antigravity\extensions\redhat.java-1.50.0-win32-x64\jre\21.0.9-win32-x86_64\bin\net.dll
Event: 1.222 Loaded shared library C:\Users\USER\.antigravity\extensions\redhat.java-1.50.0-win32-x64\jre\21.0.9-win32-x86_64\bin\nio.dll
Event: 1.240 Loaded shared library C:\Users\USER\.antigravity\extensions\redhat.java-1.50.0-win32-x64\jre\21.0.9-win32-x86_64\bin\zip.dll
Event: 1.327 Loaded shared library C:\Users\USER\.antigravity\extensions\redhat.java-1.50.0-win32-x64\jre\21.0.9-win32-x86_64\bin\jimage.dll
Event: 2.147 Loaded shared library c:\Users\USER\.antigravity\extensions\redhat.java-1.50.0-win32-x64\jre\21.0.9-win32-x86_64\bin\verify.dll

Deoptimization events (20 events):
Event: 3.879 Thread 0x000001e67ddddd80 Uncommon trap: trap_request=0xffffff45 fr.pc=0x000001e60ac74754 relative=0x00000000000009d4
Event: 3.879 Thread 0x000001e67ddddd80 Uncommon trap: reason=unstable_if action=reinterpret pc=0x000001e60ac74754 method=java.util.HashMap.hash(Ljava/lang/Object;)I @ 1 c2
Event: 3.879 Thread 0x000001e67ddddd80 DEOPT PACKING pc=0x000001e60ac74754 sp=0x000000325b3fec10
Event: 3.880 Thread 0x000001e67ddddd80 DEOPT UNPACKING pc=0x000001e60a6c3aa2 sp=0x000000325b3feb90 mode 2
Event: 3.880 Thread 0x000001e67ddddd80 Uncommon trap: trap_request=0xffffffde fr.pc=0x000001e60ac64670 relative=0x0000000000000550
Event: 3.880 Thread 0x000001e67ddddd80 Uncommon trap: reason=class_check action=maybe_recompile pc=0x000001e60ac64670 method=java.util.Collections$UnmodifiableCollection$1.<init>(Ljava/util/Collections$UnmodifiableCollection;)V @ 17 c2
Event: 3.880 Thread 0x000001e67ddddd80 DEOPT PACKING pc=0x000001e60ac64670 sp=0x000000325b3feb90
Event: 3.880 Thread 0x000001e67ddddd80 DEOPT UNPACKING pc=0x000001e60a6c3aa2 sp=0x000000325b3fead8 mode 2
Event: 3.880 Thread 0x000001e67ddddd80 Uncommon trap: trap_request=0xffffff45 fr.pc=0x000001e60ac838c0 relative=0x0000000000000280
Event: 3.880 Thread 0x000001e67ddddd80 Uncommon trap: reason=unstable_if action=reinterpret pc=0x000001e60ac838c0 method=java.util.HashMap.hash(Ljava/lang/Object;)I @ 1 c2
Event: 3.880 Thread 0x000001e67ddddd80 DEOPT PACKING pc=0x000001e60ac838c0 sp=0x000000325b3feb40
Event: 3.880 Thread 0x000001e67ddddd80 DEOPT UNPACKING pc=0x000001e60a6c3aa2 sp=0x000000325b3fe9d8 mode 2
Event: 3.885 Thread 0x000001e67ddddd80 Uncommon trap: trap_request=0xffffff45 fr.pc=0x000001e60ac754e0 relative=0x0000000000000300
Event: 3.885 Thread 0x000001e67ddddd80 Uncommon trap: reason=unstable_if action=reinterpret pc=0x000001e60ac754e0 method=java.util.HashMap.hash(Ljava/lang/Object;)I @ 1 c2
Event: 3.885 Thread 0x000001e67ddddd80 DEOPT PACKING pc=0x000001e60ac754e0 sp=0x000000325b3feab0
Event: 3.885 Thread 0x000001e67ddddd80 DEOPT UNPACKING pc=0x000001e60a6c3aa2 sp=0x000000325b3fe9b8 mode 2
Event: 3.885 Thread 0x000001e67ddddd80 Uncommon trap: trap_request=0xffffffde fr.pc=0x000001e60ac64670 relative=0x0000000000000550
Event: 3.885 Thread 0x000001e67ddddd80 Uncommon trap: reason=class_check action=maybe_recompile pc=0x000001e60ac64670 method=java.util.Collections$UnmodifiableCollection$1.<init>(Ljava/util/Collections$UnmodifiableCollection;)V @ 17 c2
Event: 3.885 Thread 0x000001e67ddddd80 DEOPT PACKING pc=0x000001e60ac64670 sp=0x000000325b3feb90
Event: 3.885 Thread 0x000001e67ddddd80 DEOPT UNPACKING pc=0x000001e60a6c3aa2 sp=0x000000325b3fead8 mode 2

Classes loaded (20 events):
Event: 4.445 Loading class java/util/AbstractQueue done
Event: 4.445 Loading class java/util/concurrent/SynchronousQueue done
Event: 4.445 Loading class java/util/concurrent/SynchronousQueue$Transferer
Event: 4.445 Loading class java/util/concurrent/LinkedTransferQueue
Event: 4.446 Loading class java/util/concurrent/TransferQueue
Event: 4.446 Loading class java/util/concurrent/TransferQueue done
Event: 4.446 Loading class java/util/concurrent/LinkedTransferQueue done
Event: 4.447 Loading class java/util/concurrent/SynchronousQueue$Transferer done
Event: 4.447 Loading class java/util/concurrent/LinkedTransferQueue$DualNode
Event: 4.447 Loading class java/util/concurrent/LinkedTransferQueue$DualNode done
Event: 4.448 Loading class java/util/concurrent/RejectedExecutionHandler
Event: 4.449 Loading class java/util/concurrent/RejectedExecutionHandler done
Event: 4.449 Loading class java/util/concurrent/LinkedBlockingQueue
Event: 4.450 Loading class java/util/concurrent/LinkedBlockingQueue done
Event: 4.450 Loading class java/util/concurrent/LinkedBlockingQueue$Node
Event: 4.450 Loading class java/util/concurrent/LinkedBlockingQueue$Node done
Event: 4.476 Loading class java/util/concurrent/Semaphore$NonfairSync
Event: 4.476 Loading class java/util/concurrent/Semaphore$Sync
Event: 4.476 Loading class java/util/concurrent/Semaphore$Sync done
Event: 4.476 Loading class java/util/concurrent/Semaphore$NonfairSync done

Classes unloaded (0 events):
No events

Classes redefined (0 events):
No events

Internal exceptions (20 events):
Event: 3.228 Thread 0x000001e67ddddd80 Exception <a 'java/io/FileNotFoundException'{0x00000000d64b87d0}> (0x00000000d64b87d0) 
thrown [s\src\hotspot\share\prims\jni.cpp, line 520]
Event: 3.229 Thread 0x000001e67ddddd80 Exception <a 'java/io/FileNotFoundException'{0x00000000d64b9b08}> (0x00000000d64b9b08) 
thrown [s\src\hotspot\share\prims\jni.cpp, line 520]
Event: 3.230 Thread 0x000001e67ddddd80 Exception <a 'java/io/FileNotFoundException'{0x00000000d64ba790}> (0x00000000d64ba790) 
thrown [s\src\hotspot\share\prims\jni.cpp, line 520]
Event: 3.230 Thread 0x000001e67ddddd80 Exception <a 'java/io/FileNotFoundException'{0x00000000d64bb300}> (0x00000000d64bb300) 
thrown [s\src\hotspot\share\prims\jni.cpp, line 520]
Event: 3.241 Thread 0x000001e67ddddd80 Implicit null exception at 0x000001e60ac439a4 to 0x000001e60ac43f38
Event: 3.251 Thread 0x000001e67ddddd80 Exception <a 'java/io/FileNotFoundException'{0x00000000d64f3790}> (0x00000000d64f3790) 
thrown [s\src\hotspot\share\prims\jni.cpp, line 520]
Event: 3.273 Thread 0x000001e67ddddd80 Exception <a 'java/lang/NoSuchMethodError'{0x00000000d652c088}: 'java.lang.Object java.lang.invoke.DirectMethodHandle$Holder.invokeInterface(java.lang.Object, java.lang.Object)'> (0x00000000d652c088) 
thrown [s\src\hotspot\share\interpreter\linkResolver.cpp, line 773]
Event: 3.279 Thread 0x000001e67ddddd80 Exception <a 'java/lang/NoSuchMethodError'{0x00000000d653f640}: 'java.lang.Object java.lang.invoke.Invokers$Holder.invokeExact_MT(java.lang.Object, java.lang.Object, java.lang.Object, java.lang.Object, java.lang.Object, java.lang.Object)'> (0x00000000d653f640) 
thrown [s\src\hotspot\share\interpreter\linkResolver.cpp, line 773]
Event: 3.287 Thread 0x000001e67ddddd80 Exception <a 'java/lang/NoSuchMethodError'{0x00000000d6556718}: 'int java.lang.invoke.DirectMethodHandle$Holder.invokeStatic(java.lang.Object, java.lang.Object, java.lang.Object, java.lang.Object, java.lang.Object)'> (0x00000000d6556718) 
thrown [s\src\hotspot\share\interpreter\linkResolver.cpp, line 773]
Event: 3.354 Thread 0x000001e67ddddd80 Exception <a 'java/lang/NoSuchMethodError'{0x00000000d65eacc8}: 'java.lang.Object java.lang.invoke.DirectMethodHandle$Holder.invokeInterface(java.lang.Object, java.lang.Object, int)'> (0x00000000d65eacc8) 
thrown [s\src\hotspot\share\interpreter\linkResolver.cpp, line 773]
Event: 3.596 Thread 0x000001e67ddddd80 Exception <a 'java/lang/NoSuchMethodError'{0x00000000d6a4ff68}: 'java.lang.ClassLoader java.lang.ClassLoader.getPlatformClassLoader(java.lang.Class)'> (0x00000000d6a4ff68) 
thrown [s\src\hotspot\share\interpreter\linkResolver.cpp, line 773]
Event: 3.717 Thread 0x000001e67ddddd80 Exception <a 'java/lang/ClassNotFoundException'{0x00000000d6e6d6a8}: sun/net/www/protocol/c/Handler> (0x00000000d6e6d6a8) 
thrown [s\src\hotspot\share\classfile\systemDictionary.cpp, line 312]
Event: 3.718 Thread 0x000001e67ddddd80 Exception <a 'java/lang/ClassNotFoundException'{0x00000000d6e6ea38}: sun/net/www/protocol/c/Handler> (0x00000000d6e6ea38) 
thrown [s\src\hotspot\share\classfile\systemDictionary.cpp, line 312]
Event: 3.718 Thread 0x000001e67ddddd80 Exception <a 'java/lang/ClassNotFoundException'{0x00000000d6e6fc00}: sun/net/www/protocol/c/Handler> (0x00000000d6e6fc00) 
thrown [s\src\hotspot\share\classfile\systemDictionary.cpp, line 312]
Event: 3.747 Thread 0x000001e67ddddd80 Exception <a 'java/io/FileNotFoundException'{0x00000000d55988c8}> (0x00000000d55988c8) 
thrown [s\src\hotspot\share\prims\jni.cpp, line 520]
Event: 3.879 Thread 0x000001e67ddddd80 Implicit null exception at 0x000001e60ac73dc9 to 0x000001e60ac7473c
Event: 3.880 Thread 0x000001e67ddddd80 Implicit null exception at 0x000001e60ac8369a to 0x000001e60ac838a8
Event: 3.881 Thread 0x000001e67ddddd80 Exception <a 'java/lang/NoSuchMethodError'{0x00000000d56c9d98}: 'void java.lang.invoke.DirectMethodHandle$Holder.invokeStatic(java.lang.Object, java.lang.Object, java.lang.Object, java.lang.Object)'> (0x00000000d56c9d98) 
thrown [s\src\hotspot\share\interpreter\linkResolver.cpp, line 773]
Event: 3.885 Thread 0x000001e67ddddd80 Implicit null exception at 0x000001e60ac7523c to 0x000001e60ac754c8
Event: 4.379 Thread 0x000001e67ddddd80 Exception <a 'java/lang/NoSuchMethodError'{0x00000000d59a0ec8}: 'void java.lang.invoke.DirectMethodHandle$Holder.invokeSpecial(java.lang.Object, java.lang.Object, java.lang.Object)'> (0x00000000d59a0ec8) 
thrown [s\src\hotspot\share\interpreter\linkResolver.cpp, line 773]

ZGC Phase Switch (0 events):
No events

VM Operations (18 events):
Event: 0.876 Executing VM operation: HandshakeAllThreads (Deoptimize)
Event: 0.876 Executing VM operation: HandshakeAllThreads (Deoptimize) done
Event: 1.486 Executing VM operation: HandshakeAllThreads (Deoptimize)
Event: 1.486 Executing VM operation: HandshakeAllThreads (Deoptimize) done
Event: 1.486 Executing VM operation: Cleanup
Event: 1.486 Executing VM operation: Cleanup done
Event: 2.488 Executing VM operation: Cleanup
Event: 2.504 Executing VM operation: Cleanup done
Event: 3.045 Executing VM operation: HandshakeAllThreads (Deoptimize)
Event: 3.045 Executing VM operation: HandshakeAllThreads (Deoptimize) done
Event: 3.141 Executing VM operation: HandshakeAllThreads (Deoptimize)
Event: 3.141 Executing VM operation: HandshakeAllThreads (Deoptimize) done
Event: 3.673 Executing VM operation: HandshakeAllThreads (Deoptimize)
Event: 3.673 Executing VM operation: HandshakeAllThreads (Deoptimize) done
Event: 3.673 Executing VM operation: Cleanup
Event: 3.673 Executing VM operation: Cleanup done
Event: 3.729 Executing VM operation: ParallelGCFailedAllocation (Allocation Failure)
Event: 3.738 Executing VM operation: ParallelGCFailedAllocation (Allocation Failure) done

Memory protections (0 events):
No events

Nmethod flushes (0 events):
No events

Events (14 events):
Event: 0.244 Thread 0x000001e67ddddd80 Thread added: 0x000001e67ddddd80
Event: 0.302 Thread 0x000001e67ddddd80 Thread added: 0x000001e67de9d620
Event: 0.302 Thread 0x000001e67ddddd80 Thread added: 0x000001e67de9e4c0
Event: 0.302 Thread 0x000001e67ddddd80 Thread added: 0x000001e616281830
Event: 0.302 Thread 0x000001e67ddddd80 Thread added: 0x000001e616284390
Event: 0.302 Thread 0x000001e67ddddd80 Thread added: 0x000001e616284de0
Event: 0.302 Thread 0x000001e67ddddd80 Thread added: 0x000001e616287840
Event: 0.302 Thread 0x000001e67ddddd80 Thread added: 0x000001e6162885c0
Event: 0.312 Thread 0x000001e67ddddd80 Thread added: 0x000001e616300f80
Event: 1.184 Thread 0x000001e67ddddd80 Thread added: 0x000001e65c146b70
Event: 2.464 Thread 0x000001e67ddddd80 Thread added: 0x000001e65c163fb0
Event: 2.518 Thread 0x000001e616300f80 Thread added: 0x000001e65c295c70
Event: 3.772 Thread 0x000001e65c295c70 Thread exited: 0x000001e65c295c70
Event: 4.552 Thread 0x000001e616300f80 Thread added: 0x000001e65c5daa40


Dynamic libraries:
0x00007ff60e090000 - 0x00007ff60e09e000 	c:\Users\USER\.antigravity\extensions\redhat.java-1.50.0-win32-x64\jre\21.0.9-win32-x86_64\bin\java.exe
0x00007ffe77ae0000 - 0x00007ffe77d47000 	C:\WINDOWS\SYSTEM32\ntdll.dll
0x00007ffe765c0000 - 0x00007ffe76689000 	C:\WINDOWS\System32\KERNEL32.DLL
0x00007ffe74e30000 - 0x00007ffe7521f000 	C:\WINDOWS\System32\KERNELBASE.dll
0x00007ffe75420000 - 0x00007ffe7556b000 	C:\WINDOWS\System32\ucrtbase.dll
0x00007ffdf5f20000 - 0x00007ffdf5f38000 	c:\Users\USER\.antigravity\extensions\redhat.java-1.50.0-win32-x64\jre\21.0.9-win32-x86_64\bin\jli.dll
0x00007ffe76920000 - 0x00007ffe76ae5000 	C:\WINDOWS\System32\USER32.dll
0x00007ffe75850000 - 0x00007ffe75877000 	C:\WINDOWS\System32\win32u.dll
0x00007ffe76420000 - 0x00007ffe7644b000 	C:\WINDOWS\System32\GDI32.dll
0x00007ffe75230000 - 0x00007ffe7535c000 	C:\WINDOWS\System32\gdi32full.dll
0x00007ffe75620000 - 0x00007ffe756c3000 	C:\WINDOWS\System32\msvcp_win.dll
0x00007ffe5d870000 - 0x00007ffe5db03000 	C:\WINDOWS\WinSxS\amd64_microsoft.windows.common-controls_6595b64144ccf1df_6.0.26100.7309_none_3e05feeae336a044\COMCTL32.dll
0x00007ffe75f60000 - 0x00007ffe76009000 	C:\WINDOWS\System32\msvcrt.dll
0x00007ffe0b220000 - 0x00007ffe0b23e000 	c:\Users\USER\.antigravity\extensions\redhat.java-1.50.0-win32-x64\jre\21.0.9-win32-x86_64\bin\VCRUNTIME140.dll
0x00007ffe76690000 - 0x00007ffe766c1000 	C:\WINDOWS\System32\IMM32.DLL
0x00007ffe5edd0000 - 0x00007ffe5eddc000 	c:\Users\USER\.antigravity\extensions\redhat.java-1.50.0-win32-x64\jre\21.0.9-win32-x86_64\bin\vcruntime140_1.dll
0x00007ffdf15d0000 - 0x00007ffdf165d000 	c:\Users\USER\.antigravity\extensions\redhat.java-1.50.0-win32-x64\jre\21.0.9-win32-x86_64\bin\msvcp140.dll
0x00007ffddb890000 - 0x00007ffddc630000 	c:\Users\USER\.antigravity\extensions\redhat.java-1.50.0-win32-x64\jre\21.0.9-win32-x86_64\bin\server\jvm.dll
0x00007ffe767b0000 - 0x00007ffe76864000 	C:\WINDOWS\System32\ADVAPI32.dll
0x00007ffe76870000 - 0x00007ffe76916000 	C:\WINDOWS\System32\sechost.dll
0x00007ffe76af0000 - 0x00007ffe76c08000 	C:\WINDOWS\System32\RPCRT4.dll
0x00007ffe75d10000 - 0x00007ffe75d84000 	C:\WINDOWS\System32\WS2_32.dll
0x00007ffe74a90000 - 0x00007ffe74aee000 	C:\WINDOWS\SYSTEM32\POWRPROF.dll
0x00007ffe6eec0000 - 0x00007ffe6eef5000 	C:\WINDOWS\SYSTEM32\WINMM.dll
0x00007ffe6ef00000 - 0x00007ffe6ef0b000 	C:\WINDOWS\SYSTEM32\VERSION.dll
0x00007ffe74a70000 - 0x00007ffe74a84000 	C:\WINDOWS\SYSTEM32\UMPDC.dll
0x00007ffe739e0000 - 0x00007ffe739fb000 	C:\WINDOWS\SYSTEM32\kernel.appcore.dll
0x00007ffe46770000 - 0x00007ffe4677a000 	c:\Users\USER\.antigravity\extensions\redhat.java-1.50.0-win32-x64\jre\21.0.9-win32-x86_64\bin\jimage.dll
0x00007ffe696c0000 - 0x00007ffe69902000 	C:\WINDOWS\SYSTEM32\DBGHELP.DLL
0x00007ffe77590000 - 0x00007ffe77915000 	C:\WINDOWS\System32\combase.dll
0x00007ffe766d0000 - 0x00007ffe767a6000 	C:\WINDOWS\System32\OLEAUT32.dll
0x00007ffe5d730000 - 0x00007ffe5d76c000 	C:\WINDOWS\SYSTEM32\dbgcore.DLL
0x00007ffe75570000 - 0x00007ffe75615000 	C:\WINDOWS\System32\bcryptPrimitives.dll
0x00007ffe4bcb0000 - 0x00007ffe4bcbf000 	c:\Users\USER\.antigravity\extensions\redhat.java-1.50.0-win32-x64\jre\21.0.9-win32-x86_64\bin\instrument.dll
0x00007ffe0b200000 - 0x00007ffe0b220000 	c:\Users\USER\.antigravity\extensions\redhat.java-1.50.0-win32-x64\jre\21.0.9-win32-x86_64\bin\java.dll
0x00007ffe76e20000 - 0x00007ffe77573000 	C:\WINDOWS\System32\SHELL32.dll
0x00007ffe74c30000 - 0x00007ffe74d9a000 	C:\WINDOWS\System32\wintypes.dll
0x00007ffe72870000 - 0x00007ffe730ce000 	C:\WINDOWS\SYSTEM32\windows.storage.dll
0x00007ffe75df0000 - 0x00007ffe75ee5000 	C:\WINDOWS\System32\SHCORE.dll
0x00007ffe75ef0000 - 0x00007ffe75f56000 	C:\WINDOWS\System32\shlwapi.dll
0x00007ffe74b50000 - 0x00007ffe74b79000 	C:\WINDOWS\SYSTEM32\profapi.dll
0x00007ffdf3330000 - 0x00007ffdf3348000 	c:\Users\USER\.antigravity\extensions\redhat.java-1.50.0-win32-x64\jre\21.0.9-win32-x86_64\bin\zip.dll
0x00007ffe45b50000 - 0x00007ffe45b60000 	C:\Users\USER\.antigravity\extensions\redhat.java-1.50.0-win32-x64\jre\21.0.9-win32-x86_64\bin\net.dll
0x00007ffe6a740000 - 0x00007ffe6a868000 	C:\WINDOWS\SYSTEM32\WINHTTP.dll
0x00007ffe73f50000 - 0x00007ffe73fbb000 	C:\WINDOWS\system32\mswsock.dll
0x00007ffdf32e0000 - 0x00007ffdf32f6000 	C:\Users\USER\.antigravity\extensions\redhat.java-1.50.0-win32-x64\jre\21.0.9-win32-x86_64\bin\nio.dll
0x00007ffe577c0000 - 0x00007ffe577d0000 	c:\Users\USER\.antigravity\extensions\redhat.java-1.50.0-win32-x64\jre\21.0.9-win32-x86_64\bin\verify.dll

JVMTI agents:
c:\Users\USER\.antigravity\extensions\redhat.java-1.50.0-win32-x64\lombok\lombok-1.18.39-4050.jar path:c:\Users\USER\.antigravity\extensions\redhat.java-1.50.0-win32-x64\jre\21.0.9-win32-x86_64\bin\instrument.dll, loaded, initialized, instrumentlib options:none

dbghelp: loaded successfully - version: 4.0.5 - missing functions: none
symbol engine: initialized successfully - sym options: 0x614 - pdb path: .;c:\Users\USER\.antigravity\extensions\redhat.java-1.50.0-win32-x64\jre\21.0.9-win32-x86_64\bin;C:\WINDOWS\SYSTEM32;C:\WINDOWS\WinSxS\amd64_microsoft.windows.common-controls_6595b64144ccf1df_6.0.26100.7309_none_3e05feeae336a044;c:\Users\USER\.antigravity\extensions\redhat.java-1.50.0-win32-x64\jre\21.0.9-win32-x86_64\bin\server

VM Arguments:
jvm_args: --add-modules=ALL-SYSTEM --add-opens=java.base/java.util=ALL-UNNAMED --add-opens=java.base/java.lang=ALL-UNNAMED --add-opens=java.base/sun.nio.fs=ALL-UNNAMED -Declipse.application=org.eclipse.jdt.ls.core.id1 -Dosgi.bundles.defaultStartLevel=4 -Declipse.product=org.eclipse.jdt.ls.core.product -Djava.import.generatesMetadataFilesAtProjectRoot=false -DDetectVMInstallationsJob.disabled=true -Dfile.encoding=utf8 -XX:+UseParallelGC -XX:GCTimeRatio=4 -XX:AdaptiveSizePolicyWeight=90 -Dsun.zip.disableMemoryMapping=true -Xmx2G -Xms100m -Xlog:disable -javaagent:c:\Users\USER\.antigravity\extensions\redhat.java-1.50.0-win32-x64\lombok\lombok-1.18.39-4050.jar -XX:+HeapDumpOnOutOfMemoryError -XX:HeapDumpPath=c:\Users\USER\AppData\Roaming\Antigravity\User\workspaceStorage\c3891aad2a8c1fb709b3631fa8da7d99\redhat.java -Daether.dependencyCollector.impl=bf 
java_command: c:\Users\USER\.antigravity\extensions\redhat.java-1.50.0-win32-x64\server\plugins\org.eclipse.equinox.launcher_1.7.100.v20251111-0406.jar -configuration c:\Users\USER\AppData\Roaming\Antigravity\User\globalStorage\redhat.java\1.50.0\config_win -data c:\Users\USER\AppData\Roaming\Antigravity\User\workspaceStorage\c3891aad2a8c1fb709b3631fa8da7d99\redhat.java\jdt_ws --pipe=\\.\pipe\lsp-d09b9cd0b816b89b41ac158d447fed81-sock
java_class_path (initial): c:\Users\USER\.antigravity\extensions\redhat.java-1.50.0-win32-x64\server\plugins\org.eclipse.equinox.launcher_1.7.100.v20251111-0406.jar
Launcher Type: SUN_STANDARD

[Global flags]
    uintx AdaptiveSizePolicyWeight                 = 90                                        {product} {command line}
     intx CICompilerCount                          = 3                                         {product} {ergonomic}
    uintx GCTimeRatio                              = 4                                         {product} {command line}
     bool HeapDumpOnOutOfMemoryError               = true                                   {manageable} {command line}
    ccstr HeapDumpPath                             = c:\Users\USER\AppData\Roaming\Antigravity\User\workspaceStorage\c3891aad2a8c1fb709b3631fa8da7d99\redhat.java         {manageable} {command line}
   size_t InitialHeapSize                          = 104857600                                 {product} {command line}
   size_t MaxHeapSize                              = 2147483648                                {product} {command line}
   size_t MaxNewSize                               = 715653120                                 {product} {ergonomic}
   size_t MinHeapDeltaBytes                        = 524288                                    {product} {ergonomic}
   size_t MinHeapSize                              = 104857600                                 {product} {command line}
   size_t NewSize                                  = 34603008                                  {product} {ergonomic}
    uintx NonNMethodCodeHeapSize                   = 5832780                                {pd product} {ergonomic}
    uintx NonProfiledCodeHeapSize                  = 122912730                              {pd product} {ergonomic}
   size_t OldSize                                  = 70254592                                  {product} {ergonomic}
    uintx ProfiledCodeHeapSize                     = 122912730                              {pd product} {ergonomic}
    uintx ReservedCodeCacheSize                    = 251658240                              {pd product} {ergonomic}
     bool SegmentedCodeCache                       = true                                      {product} {ergonomic}
   size_t SoftMaxHeapSize                          = 2147483648                             {manageable} {ergonomic}
     bool UseCompressedOops                        = true                           {product lp64_product} {ergonomic}
     bool UseLargePagesIndividualAllocation        = false                                  {pd product} {ergonomic}
     bool UseParallelGC                            = true                                      {product} {command line}

Logging:
Log output configuration:
 #0: stdout all=off uptime,level,tags foldmultilines=false
 #1: stderr all=off uptime,level,tags foldmultilines=false

Release file:
JAVA_VERSION="21.0.9" 
MODULES="java.base java.compiler java.datatransfer java.xml java.prefs java.desktop java.instrument java.logging java.management java.security.sasl java.naming java.rmi java.management.rmi java.net.http java.scripting java.security.jgss java.transaction.xa java.sql java.sql.rowset java.xml.crypto java.se java.smartcardio jdk.accessibility jdk.internal.jvmstat jdk.attach jdk.charsets jdk.internal.opt jdk.zipfs jdk.compiler jdk.crypto.ec jdk.crypto.cryptoki jdk.crypto.mscapi jdk.dynalink jdk.internal.ed jdk.editpad jdk.hotspot.agent jdk.httpserver jdk.internal.le jdk.internal.vm.ci jdk.internal.vm.compiler jdk.internal.vm.compiler.management jdk.jartool jdk.javadoc jdk.jcmd jdk.management jdk.management.agent jdk.jconsole jdk.jdeps jdk.jdwp.agent jdk.jdi jdk.jfr jdk.jshell jdk.jsobject jdk.jstatd jdk.localedata jdk.management.jfr jdk.naming.dns jdk.naming.rmi jdk.net jdk.nio.mapmode jdk.random jdk.sctp jdk.security.auth jdk.security.jgss jdk.unsupported jdk.unsupported.desktop jdk.xml.dom" 

Environment Variables:
JAVA_HOME=C:\Program Files\Eclipse Adoptium\jdk-25.0.0.36-hotspot
PATH=C:\Program Files (x86)\Common Files\Oracle\Java\javapath;C:\Program Files\Eclipse Adoptium\jre-25.0.0.36-hotspot\bin;C:\Program Files\Eclipse Adoptium\jdk-25.0.0.36-hotspot\bin;C:\PROGRA~2\Borland\CBUILD~1\Bin;C:\PROGRA~2\Borland\CBUILD~1\Projects\Bpl;C:\WINDOWS\system32;C:\WINDOWS;C:\WINDOWS\System32\Wbem;C:\WINDOWS\System32\WindowsPowerShell\v1.0\;C:\WINDOWS\System32\OpenSSH\;C:\Program Files\Java\jdk-17\bin;C:\Program Files\nodejs\;c:\Users\USER\AppData\Local\Programs\cursor\resources\app\bin;c:\Users\USER\AppData\Local\Programs\cursor\resources\app\bin;C:\Program Files\Git\cmd;%JAVA_HOME%\bin;C:\Users\USER\AppData\Local\Programs\Python\Python313\Scripts\;C:\Users\USER\AppData\Local\Programs\Python\Python313\;C:\Users\USER\AppData\Local\Programs\Python\Launcher\;C:\Users\USER\AppData\Local\Microsoft\WindowsApps;C:\Users\USER\AppData\Local\Programs\Microsoft VS Code\bin;C:\Users\USER\AppData\Roaming\npm;C:\Users\USER\AppData\Local\GitHubDesktop\bin;C:\Users\USER\AppData\Local\Programs\cursor\resources\app\bin;C:\Users\USER\AppData\Local\Programs\Windsurf\bin;C:\Users\USER\AppData\Local\Programs\Antigravity\bin
USERNAME=USER
OS=Windows_NT
PROCESSOR_IDENTIFIER=AMD64 Family 23 Model 24 Stepping 1, AuthenticAMD
TMP=C:\Users\USER\AppData\Local\Temp
TEMP=C:\Users\USER\AppData\Local\Temp




Periodic native trim disabled

---------------  S Y S T E M  ---------------

OS:
 Windows 11 , 64 bit Build 26100 (10.0.26100.7309)
OS uptime: 5 days 2:22 hours

CPU: total 4 (initial active 4) (4 cores per cpu, 2 threads per core) family 23 model 24 stepping 1 microcode 0x8108109, cx8, cmov, fxsr, ht, mmx, 3dnowpref, sse, sse2, sse3, ssse3, sse4a, sse4.1, sse4.2, popcnt, lzcnt, tsc, tscinvbit, avx, avx2, aes, clmul, bmi1, bmi2, adx, sha, fma, vzeroupper, clflush, clflushopt, rdtscp, f16c
Processor Information for the first 4 processors :
  Max Mhz: 2600, Current Mhz: 2600, Mhz Limit: 2600

Memory: 4k page, system-wide physical 6059M (398M free)
TotalPageFile size 24491M (AvailPageFile size 3M)
current process WorkingSet (physical memory assigned to process): 84M, peak: 84M
current process commit charge ("private bytes"): 224M, peak: 224M

vm_info: OpenJDK 64-Bit Server VM (21.0.9+10-LTS) for windows-amd64 JRE (21.0.9+10-LTS), built on 2025-10-21T00:00:00Z by "admin" with unknown MS VC++:1942

END.
