#
# There is insufficient memory for the Java Runtime Environment to continue.
# Native memory allocation (malloc) failed to allocate 1048576 bytes. Error detail: AllocateHeap
# Possible reasons:
#   The system is out of physical RAM or swap space
#   This process is running with CompressedOops enabled, and the Java Heap may be blocking the growth of the native heap
# Possible solutions:
#   Reduce memory load on the system
#   Increase physical memory or swap space
#   Check if swap backing store is full
#   Decrease Java heap size (-Xmx/-Xms)
#   Decrease number of Java threads
#   Decrease Java thread stack sizes (-Xss)
#   Set larger code cache with -XX:ReservedCodeCacheSize=
#   JVM is running with Unscaled Compressed Oops mode in which the Java heap is
#     placed in the first 4GB address space. The Java Heap base address is the
#     maximum limit for the native heap growth. Please use -XX:HeapBaseMinAddress
#     to set the Java Heap base and to place the Java Heap above 4GB virtual address.
# This output file may be truncated or incomplete.
#
#  Out of Memory Error (allocation.cpp:44), pid=11760, tid=20020
#
# JRE version: OpenJDK Runtime Environment Temurin-21.0.9+10 (21.0.9+10) (build 21.0.9+10-LTS)
# Java VM: OpenJDK 64-Bit Server VM Temurin-21.0.9+10 (21.0.9+10-LTS, mixed mode, sharing, tiered, compressed oops, compressed class ptrs, parallel gc, windows-amd64)
# No core dump will be written. Minidumps are not enabled by default on client versions of Windows
#

---------------  S U M M A R Y ------------

Command Line: --add-modules=ALL-SYSTEM --add-opens=java.base/java.util=ALL-UNNAMED --add-opens=java.base/java.lang=ALL-UNNAMED --add-opens=java.base/sun.nio.fs=ALL-UNNAMED -Declipse.application=org.eclipse.jdt.ls.core.id1 -Dosgi.bundles.defaultStartLevel=4 -Declipse.product=org.eclipse.jdt.ls.core.product -Djava.import.generatesMetadataFilesAtProjectRoot=false -DDetectVMInstallationsJob.disabled=true -Dfile.encoding=utf8 -XX:+UseParallelGC -XX:GCTimeRatio=4 -XX:AdaptiveSizePolicyWeight=90 -Dsun.zip.disableMemoryMapping=true -Xmx2G -Xms100m -Xlog:disable -javaagent:c:\Users\USER\.antigravity\extensions\redhat.java-1.50.0-win32-x64\lombok\lombok-1.18.39-4050.jar -XX:+HeapDumpOnOutOfMemoryError -XX:HeapDumpPath=c:\Users\USER\AppData\Roaming\Antigravity\User\workspaceStorage\c3891aad2a8c1fb709b3631fa8da7d99\redhat.java -Daether.dependencyCollector.impl=bf c:\Users\USER\.antigravity\extensions\redhat.java-1.50.0-win32-x64\server\plugins\org.eclipse.equinox.launcher_1.7.100.v20251111-0406.jar -configuration c:\Users\USER\AppData\Roaming\Antigravity\User\globalStorage\redhat.java\1.50.0\config_win -data c:\Users\USER\AppData\Roaming\Antigravity\User\workspaceStorage\c3891aad2a8c1fb709b3631fa8da7d99\redhat.java\jdt_ws --pipe=\\.\pipe\lsp-a26678d0388bdc0bd8834fec85c5e2cc-sock

Host: AMD Ryzen 3 3250U with Radeon Graphics         , 4 cores, 5G,  Windows 11 , 64 bit Build 26100 (10.0.26100.7309)
Time: Mon Dec 22 18:36:01 2025 SE Asia Standard Time elapsed time: 222.355494 seconds (0d 0h 3m 42s)

---------------  T H R E A D  ---------------

Current thread (0x0000016315100a00):  JavaThread "Attach Listener" daemon [_thread_in_vm, id=20020, stack(0x0000003f24b00000,0x0000003f24c00000) (1024K)]

Stack: [0x0000003f24b00000,0x0000003f24c00000]
Native frames: (J=compiled Java code, j=interpreted, Vv=VM code, C=native code)
V  [jvm.dll+0x6d6e29]
V  [jvm.dll+0x8b4b76]
V  [jvm.dll+0x8b712e]
V  [jvm.dll+0x8b7813]
V  [jvm.dll+0x283d86]
V  [jvm.dll+0xc1277]
V  [jvm.dll+0x6d76d9]
V  [jvm.dll+0x133466]
V  [jvm.dll+0x3f7ea6]
V  [jvm.dll+0x85e9ad]
V  [jvm.dll+0x6d565d]
C  [ucrtbase.dll+0x37b0]
C  [KERNEL32.DLL+0x2e8d7]
C  [ntdll.dll+0x8c53c]


---------------  P R O C E S S  ---------------

Threads class SMR info:
_java_thread_list=0x000001637609e390, length=38, elements={
0x0000016312f68270, 0x00000163152c8ae0, 0x00000163152cb440, 0x00000163150fffb0,
0x0000016315100a00, 0x000001631510b950, 0x000001631510c3a0, 0x000001631510f1e0,
0x000001631517de00, 0x000001636da38970, 0x000001636db1f810, 0x00000163722bf860,
0x000001636da66230, 0x000001636d9ac130, 0x000001636d8f1ba0, 0x00000163727a88d0,
0x0000016373241860, 0x0000016372d49420, 0x0000016315177230, 0x00000163727da300,
0x00000163727da990, 0x00000163727d9c70, 0x00000163727db020, 0x00000163727db6b0,
0x00000163727d95e0, 0x00000163727d8230, 0x00000163727d8f50, 0x00000163727d88c0,
0x00000163745ec5d0, 0x00000163745eb8b0, 0x00000163745ebf40, 0x00000163745ecc60,
0x00000163745eb220, 0x00000163745e9e70, 0x00000163745e97e0, 0x00000163745eab90,
0x00000163745ee6a0, 0x00000163745eed30
}

Java Threads: ( => current thread )
  0x0000016312f68270 JavaThread "main"                              [_thread_blocked, id=12324, stack(0x0000003f24300000,0x0000003f24400000) (1024K)]
  0x00000163152c8ae0 JavaThread "Reference Handler"          daemon [_thread_blocked, id=15204, stack(0x0000003f24800000,0x0000003f24900000) (1024K)]
  0x00000163152cb440 JavaThread "Finalizer"                  daemon [_thread_blocked, id=4312, stack(0x0000003f24900000,0x0000003f24a00000) (1024K)]
  0x00000163150fffb0 JavaThread "Signal Dispatcher"          daemon [_thread_blocked, id=16660, stack(0x0000003f24a00000,0x0000003f24b00000) (1024K)]
=>0x0000016315100a00 JavaThread "Attach Listener"            daemon [_thread_in_vm, id=20020, stack(0x0000003f24b00000,0x0000003f24c00000) (1024K)]
  0x000001631510b950 JavaThread "Service Thread"             daemon [_thread_blocked, id=2748, stack(0x0000003f24c00000,0x0000003f24d00000) (1024K)]
  0x000001631510c3a0 JavaThread "Monitor Deflation Thread"   daemon [_thread_blocked, id=13176, stack(0x0000003f24d00000,0x0000003f24e00000) (1024K)]
  0x000001631510f1e0 JavaThread "C2 CompilerThread0"         daemon [_thread_blocked, id=16720, stack(0x0000003f24e00000,0x0000003f24f00000) (1024K)]
  0x000001631517de00 JavaThread "C1 CompilerThread0"         daemon [_thread_blocked, id=23068, stack(0x0000003f24f00000,0x0000003f25000000) (1024K)]
  0x000001636da38970 JavaThread "Common-Cleaner"             daemon [_thread_blocked, id=23076, stack(0x0000003f25000000,0x0000003f25100000) (1024K)]
  0x000001636db1f810 JavaThread "Notification Thread"        daemon [_thread_blocked, id=6488, stack(0x0000003f25100000,0x0000003f25200000) (1024K)]
  0x00000163722bf860 JavaThread "Active Thread: Equinox Container: 2c6d47be-9fe6-4be3-aa2c-5da6512d5fee"        [_thread_blocked, id=14320, stack(0x0000003f25500000,0x0000003f25600000) (1024K)]
  0x000001636da66230 JavaThread "Refresh Thread: Equinox Container: 2c6d47be-9fe6-4be3-aa2c-5da6512d5fee" daemon [_thread_blocked, id=22088, stack(0x0000003f24200000,0x0000003f24300000) (1024K)]
  0x000001636d9ac130 JavaThread "Framework Event Dispatcher: Equinox Container: 2c6d47be-9fe6-4be3-aa2c-5da6512d5fee" daemon [_thread_blocked, id=10052, stack(0x0000003f25600000,0x0000003f25700000) (1024K)]
  0x000001636d8f1ba0 JavaThread "Start Level: Equinox Container: 2c6d47be-9fe6-4be3-aa2c-5da6512d5fee" daemon [_thread_blocked, id=20292, stack(0x0000003f25700000,0x0000003f25800000) (1024K)]
  0x00000163727a88d0 JavaThread "Bundle File Closer"         daemon [_thread_blocked, id=7008, stack(0x0000003f24400000,0x0000003f24500000) (1024K)]
  0x0000016373241860 JavaThread "SCR Component Actor"        daemon [_thread_blocked, id=9988, stack(0x0000003f25800000,0x0000003f25900000) (1024K)]
  0x0000016372d49420 JavaThread "Worker-JM"                         [_thread_blocked, id=23540, stack(0x0000003f25900000,0x0000003f25a00000) (1024K)]
  0x0000016315177230 JavaThread "JNA Cleaner"                daemon [_thread_blocked, id=22824, stack(0x0000003f25b00000,0x0000003f25c00000) (1024K)]
  0x00000163727da300 JavaThread "Worker-0"                          [_thread_blocked, id=12864, stack(0x0000003f25c00000,0x0000003f25d00000) (1024K)]
  0x00000163727da990 JavaThread "Worker-1"                          [_thread_blocked, id=10488, stack(0x0000003f25d00000,0x0000003f25e00000) (1024K)]
  0x00000163727d9c70 JavaThread "Worker-2"                          [_thread_blocked, id=7504, stack(0x0000003f25e00000,0x0000003f25f00000) (1024K)]
  0x00000163727db020 JavaThread "Worker-3"                          [_thread_blocked, id=17588, stack(0x0000003f25f00000,0x0000003f26000000) (1024K)]
  0x00000163727db6b0 JavaThread "Java indexing"              daemon [_thread_blocked, id=8908, stack(0x0000003f26000000,0x0000003f26100000) (1024K)]
  0x00000163727d95e0 JavaThread "Worker-4"                          [_thread_blocked, id=24188, stack(0x0000003f26300000,0x0000003f26400000) (1024K)]
  0x00000163727d8230 JavaThread "Worker-5"                          [_thread_blocked, id=16152, stack(0x0000003f26400000,0x0000003f26500000) (1024K)]
  0x00000163727d8f50 JavaThread "Thread-1"                   daemon [_thread_in_native, id=15188, stack(0x0000003f26500000,0x0000003f26600000) (1024K)]
  0x00000163727d88c0 JavaThread "Thread-2"                   daemon [_thread_in_native, id=11692, stack(0x0000003f26600000,0x0000003f26700000) (1024K)]
  0x00000163745ec5d0 JavaThread "Thread-3"                   daemon [_thread_in_native, id=22208, stack(0x0000003f26700000,0x0000003f26800000) (1024K)]
  0x00000163745eb8b0 JavaThread "Thread-4"                   daemon [_thread_in_native, id=13872, stack(0x0000003f26800000,0x0000003f26900000) (1024K)]
  0x00000163745ebf40 JavaThread "Thread-5"                   daemon [_thread_in_native, id=18940, stack(0x0000003f26900000,0x0000003f26a00000) (1024K)]
  0x00000163745ecc60 JavaThread "pool-2-thread-1"                   [_thread_blocked, id=4632, stack(0x0000003f26a00000,0x0000003f26b00000) (1024K)]
  0x00000163745eb220 JavaThread "WorkspaceEventsHandler"            [_thread_blocked, id=13308, stack(0x0000003f26b00000,0x0000003f26c00000) (1024K)]
  0x00000163745e9e70 JavaThread "pool-1-thread-1"                   [_thread_blocked, id=16640, stack(0x0000003f26c00000,0x0000003f26d00000) (1024K)]
  0x00000163745e97e0 JavaThread "ForkJoinPool.commonPool-worker-1" daemon [_thread_blocked, id=3928, stack(0x0000003f26d00000,0x0000003f26e00000) (1024K)]
  0x00000163745eab90 JavaThread "ForkJoinPool.commonPool-worker-2" daemon [_thread_blocked, id=18088, stack(0x0000003f26e00000,0x0000003f26f00000) (1024K)]
  0x00000163745ee6a0 JavaThread "Timer-0"                           [_thread_blocked, id=24252, stack(0x0000003f26f00000,0x0000003f27000000) (1024K)]
  0x00000163745eed30 JavaThread "ForkJoinPool.commonPool-worker-3" daemon [_thread_blocked, id=24808, stack(0x0000003f27200000,0x0000003f27300000) (1024K)]
Total: 38

Other Threads:
  0x00000163152aea30 VMThread "VM Thread"                           [id=10696, stack(0x0000003f24700000,0x0000003f24800000) (1024K)]
  0x000001631509ba00 WatcherThread "VM Periodic Task Thread"        [id=18248, stack(0x0000003f24600000,0x0000003f24700000) (1024K)]
  0x000001631522c650 WorkerThread "GC Thread#0"                     [id=8488, stack(0x0000003f24500000,0x0000003f24600000) (1024K)]
  0x000001637230ced0 WorkerThread "GC Thread#1"                     [id=12508, stack(0x0000003f25200000,0x0000003f25300000) (1024K)]
  0x00000163720a6090 WorkerThread "GC Thread#2"                     [id=24028, stack(0x0000003f25300000,0x0000003f25400000) (1024K)]
  0x00000163720a6430 WorkerThread "GC Thread#3"                     [id=12948, stack(0x0000003f25400000,0x0000003f25500000) (1024K)]
Total: 6

Threads with active compile tasks:
Total: 0

VM state: not at safepoint (normal execution)

VM Mutex/Monitor currently owned by a thread: None

Heap address: 0x0000000080000000, size: 2048 MB, Compressed Oops mode: 32-bit

CDS archive(s) mapped at: [0x000001632c000000-0x000001632cba0000-0x000001632cba0000), size 12189696, SharedBaseAddress: 0x000001632c000000, ArchiveRelocationMode: 1.
Compressed class space mapped at: 0x000001632d000000-0x000001636d000000, reserved size: 1073741824
Narrow klass base: 0x000001632c000000, Narrow klass shift: 0, Narrow klass range: 0x100000000

GC Precious Log:
 CardTable entry size: 512
 CPUs: 4 total, 4 available
 Memory: 6059M
 Large Page Support: Disabled
 NUMA Support: Disabled
 Compressed Oops: Enabled (32-bit)
 Alignments: Space 512K, Generation 512K, Heap 2M
 Heap Min Capacity: 100M
 Heap Initial Capacity: 100M
 Heap Max Capacity: 2G
 Pre-touch: Disabled
 Parallel Workers: 4

Heap:
 PSYoungGen      total 22528K, used 17855K [0x00000000d5580000, 0x00000000d6f00000, 0x0000000100000000)
  eden space 20992K, 78% used [0x00000000d5580000,0x00000000d6581a78,0x00000000d6a00000)
  from space 1536K, 95% used [0x00000000d6a00000,0x00000000d6b6e200,0x00000000d6b80000)
  to   space 2560K, 0% used [0x00000000d6c80000,0x00000000d6c80000,0x00000000d6f00000)
 ParOldGen       total 68608K, used 53466K [0x0000000080000000, 0x0000000084300000, 0x00000000d5580000)
  object space 68608K, 77% used [0x0000000080000000,0x0000000083436ba0,0x0000000084300000)
 Metaspace       used 61280K, committed 62656K, reserved 1114112K
  class space    used 7184K, committed 7744K, reserved 1048576K

Card table byte_map: [0x0000016314bb0000,0x0000016314fc0000] _byte_map_base: 0x00000163147b0000

Marking Bits: (ParMarkBitMap*) 0x00007ffddc552460
 Begin Bits: [0x00000163276c0000, 0x00000163296c0000)
 End Bits:   [0x00000163296c0000, 0x000001632b6c0000)

Polling page: 0x0000016313040000

Metaspace:

Usage:
  Non-class:     52.83 MB used.
      Class:      7.02 MB used.
       Both:     59.84 MB used.

Virtual space:
  Non-class space:       64.00 MB reserved,      53.62 MB ( 84%) committed,  1 nodes.
      Class space:        1.00 GB reserved,       7.56 MB ( <1%) committed,  1 nodes.
             Both:        1.06 GB reserved,      61.19 MB (  6%) committed. 

Chunk freelists:
   Non-Class:  10.22 MB
       Class:  8.47 MB
        Both:  18.69 MB

MaxMetaspaceSize: unlimited
CompressedClassSpaceSize: 1.00 GB
Initial GC threshold: 21.00 MB
Current GC threshold: 97.31 MB
CDS: on
 - commit_granule_bytes: 65536.
 - commit_granule_words: 8192.
 - virtual_space_node_default_size: 8388608.
 - enlarge_chunks_in_place: 1.
 - use_allocation_guard: 0.


Internal statistics:

num_allocs_failed_limit: 9.
num_arena_births: 1004.
num_arena_deaths: 24.
num_vsnodes_births: 2.
num_vsnodes_deaths: 0.
num_space_committed: 979.
num_space_uncommitted: 0.
num_chunks_returned_to_freelist: 38.
num_chunks_taken_from_freelist: 3612.
num_chunk_merges: 15.
num_chunk_splits: 2247.
num_chunks_enlarged: 1319.
num_inconsistent_stats: 0.

CodeHeap 'non-profiled nmethods': size=120000Kb used=4512Kb max_used=4512Kb free=115487Kb
 bounds [0x000001631fee0000, 0x0000016320350000, 0x0000016327410000]
CodeHeap 'profiled nmethods': size=120000Kb used=15148Kb max_used=15148Kb free=104851Kb
 bounds [0x0000016318410000, 0x00000163192e0000, 0x000001631f940000]
CodeHeap 'non-nmethods': size=5760Kb used=1424Kb max_used=1452Kb free=4335Kb
 bounds [0x000001631f940000, 0x000001631fbb0000, 0x000001631fee0000]
CodeCache: size=245760Kb, used=21084Kb, max_used=21112Kb, free=224673Kb
 total_blobs=8115, nmethods=7384, adapters=637, full_count=0
Compilation: enabled, stopped_count=0, restarted_count=0

Compilation events (20 events):
Event: 203.068 Thread 0x000001631517de00 8175       3       java.nio.Bits::pageSize (20 bytes)
Event: 203.068 Thread 0x000001631517de00 nmethod 8175 0x00000163192d5490 code [0x00000163192d5640, 0x00000163192d57f0]
Event: 203.068 Thread 0x000001631517de00 8176   !   3       java.nio.Bits::reserveMemory (232 bytes)
Event: 203.071 Thread 0x000001631517de00 nmethod 8176 0x00000163192d5890 code [0x00000163192d5c80, 0x00000163192d73f8]
Event: 203.071 Thread 0x000001631517de00 8177       3       jdk.internal.misc.Unsafe::setMemory (10 bytes)
Event: 203.071 Thread 0x000001631517de00 nmethod 8177 0x00000163192d7f90 code [0x00000163192d8140, 0x00000163192d82a0]
Event: 203.071 Thread 0x000001631517de00 8178       3       jdk.internal.misc.Unsafe::setMemory (29 bytes)
Event: 203.072 Thread 0x000001631517de00 nmethod 8178 0x00000163192d8390 code [0x00000163192d85e0, 0x00000163192d8d98]
Event: 203.072 Thread 0x000001631510f1e0 8179       4       jdk.internal.misc.Unsafe::putIntOpaque (9 bytes)
Event: 203.073 Thread 0x000001631510f1e0 nmethod 8179 0x0000016320348090 code [0x0000016320348220, 0x00000163203482b8]
Event: 203.074 Thread 0x000001631517de00 8180       3       sun.nio.ch.Invoker$GroupAndInvokeCount::resetInvokeCount (6 bytes)
Event: 203.074 Thread 0x000001631517de00 nmethod 8180 0x00000163192d9190 code [0x00000163192d9320, 0x00000163192d9430]
Event: 203.074 Thread 0x000001631517de00 8181       3       java.util.concurrent.locks.LockSupport::unpark (26 bytes)
Event: 203.074 Thread 0x000001631517de00 nmethod 8181 0x00000163192d9490 code [0x00000163192d9660, 0x00000163192d99a8]
Event: 215.129 Thread 0x000001631517de00 8182       3       java.util.concurrent.ThreadPoolExecutor::workerCountOf (5 bytes)
Event: 215.130 Thread 0x000001631517de00 nmethod 8182 0x00000163192d9a90 code [0x00000163192d9c20, 0x00000163192d9d18]
Event: 218.943 Thread 0x000001631517de00 8183       3       java.util.concurrent.atomic.AtomicReference::getAndSet (9 bytes)
Event: 218.953 Thread 0x000001631517de00 nmethod 8183 0x00000163192d9d90 code [0x00000163192da020, 0x00000163192dac08]
Event: 219.247 Thread 0x000001631517de00 8184       3       java.util.TaskQueue::isEmpty (13 bytes)
Event: 219.248 Thread 0x000001631517de00 nmethod 8184 0x00000163192daf90 code [0x00000163192db120, 0x00000163192db280]

GC Heap History (20 events):
Event: 195.759 GC heap before
{Heap before GC invocations=27 (full 2):
 PSYoungGen      total 23040K, used 22944K [0x00000000d5580000, 0x00000000d7500000, 0x0000000100000000)
  eden space 22016K, 100% used [0x00000000d5580000,0x00000000d6b00000,0x00000000d6b00000)
  from space 1024K, 90% used [0x00000000d7400000,0x00000000d74e8030,0x00000000d7500000)
  to   space 2560K, 0% used [0x00000000d7000000,0x00000000d7000000,0x00000000d7280000)
 ParOldGen       total 68608K, used 39190K [0x0000000080000000, 0x0000000084300000, 0x00000000d5580000)
  object space 68608K, 57% used [0x0000000080000000,0x0000000082645850,0x0000000084300000)
 Metaspace       used 55515K, committed 56832K, reserved 1114112K
  class space    used 6512K, committed 7104K, reserved 1048576K
}
Event: 195.765 GC heap after
{Heap after GC invocations=27 (full 2):
 PSYoungGen      total 24064K, used 1983K [0x00000000d5580000, 0x00000000d7480000, 0x0000000100000000)
  eden space 22016K, 0% used [0x00000000d5580000,0x00000000d5580000,0x00000000d6b00000)
  from space 2048K, 96% used [0x00000000d7000000,0x00000000d71efc20,0x00000000d7200000)
  to   space 2560K, 0% used [0x00000000d7200000,0x00000000d7200000,0x00000000d7480000)
 ParOldGen       total 68608K, used 40038K [0x0000000080000000, 0x0000000084300000, 0x00000000d5580000)
  object space 68608K, 58% used [0x0000000080000000,0x0000000082719880,0x0000000084300000)
 Metaspace       used 55515K, committed 56832K, reserved 1114112K
  class space    used 6512K, committed 7104K, reserved 1048576K
}
Event: 196.943 GC heap before
{Heap before GC invocations=28 (full 2):
 PSYoungGen      total 24064K, used 23999K [0x00000000d5580000, 0x00000000d7480000, 0x0000000100000000)
  eden space 22016K, 100% used [0x00000000d5580000,0x00000000d6b00000,0x00000000d6b00000)
  from space 2048K, 96% used [0x00000000d7000000,0x00000000d71efc20,0x00000000d7200000)
  to   space 2560K, 0% used [0x00000000d7200000,0x00000000d7200000,0x00000000d7480000)
 ParOldGen       total 68608K, used 40038K [0x0000000080000000, 0x0000000084300000, 0x00000000d5580000)
  object space 68608K, 58% used [0x0000000080000000,0x0000000082719880,0x0000000084300000)
 Metaspace       used 57657K, committed 59072K, reserved 1114112K
  class space    used 6719K, committed 7360K, reserved 1048576K
}
Event: 196.951 GC heap after
{Heap after GC invocations=28 (full 2):
 PSYoungGen      total 24576K, used 2176K [0x00000000d5580000, 0x00000000d7480000, 0x0000000100000000)
  eden space 22016K, 0% used [0x00000000d5580000,0x00000000d5580000,0x00000000d6b00000)
  from space 2560K, 85% used [0x00000000d7200000,0x00000000d7420040,0x00000000d7480000)
  to   space 2560K, 0% used [0x00000000d6f80000,0x00000000d6f80000,0x00000000d7200000)
 ParOldGen       total 68608K, used 41951K [0x0000000080000000, 0x0000000084300000, 0x00000000d5580000)
  object space 68608K, 61% used [0x0000000080000000,0x00000000828f7d40,0x0000000084300000)
 Metaspace       used 57657K, committed 59072K, reserved 1114112K
  class space    used 6719K, committed 7360K, reserved 1048576K
}
Event: 197.447 GC heap before
{Heap before GC invocations=29 (full 2):
 PSYoungGen      total 24576K, used 24192K [0x00000000d5580000, 0x00000000d7480000, 0x0000000100000000)
  eden space 22016K, 100% used [0x00000000d5580000,0x00000000d6b00000,0x00000000d6b00000)
  from space 2560K, 85% used [0x00000000d7200000,0x00000000d7420040,0x00000000d7480000)
  to   space 2560K, 0% used [0x00000000d6f80000,0x00000000d6f80000,0x00000000d7200000)
 ParOldGen       total 68608K, used 41951K [0x0000000080000000, 0x0000000084300000, 0x00000000d5580000)
  object space 68608K, 61% used [0x0000000080000000,0x00000000828f7d40,0x0000000084300000)
 Metaspace       used 58161K, committed 59520K, reserved 1114112K
  class space    used 6785K, committed 7360K, reserved 1048576K
}
Event: 197.456 GC heap after
{Heap after GC invocations=29 (full 2):
 PSYoungGen      total 24064K, used 1856K [0x00000000d5580000, 0x00000000d7280000, 0x0000000100000000)
  eden space 22016K, 0% used [0x00000000d5580000,0x00000000d5580000,0x00000000d6b00000)
  from space 2048K, 90% used [0x00000000d6f80000,0x00000000d7150010,0x00000000d7180000)
  to   space 1024K, 0% used [0x00000000d7180000,0x00000000d7180000,0x00000000d7280000)
 ParOldGen       total 68608K, used 44023K [0x0000000080000000, 0x0000000084300000, 0x00000000d5580000)
  object space 68608K, 64% used [0x0000000080000000,0x0000000082afde48,0x0000000084300000)
 Metaspace       used 58161K, committed 59520K, reserved 1114112K
  class space    used 6785K, committed 7360K, reserved 1048576K
}
Event: 197.723 GC heap before
{Heap before GC invocations=30 (full 2):
 PSYoungGen      total 24064K, used 18889K [0x00000000d5580000, 0x00000000d7280000, 0x0000000100000000)
  eden space 22016K, 77% used [0x00000000d5580000,0x00000000d6622418,0x00000000d6b00000)
  from space 2048K, 90% used [0x00000000d6f80000,0x00000000d7150010,0x00000000d7180000)
  to   space 1024K, 0% used [0x00000000d7180000,0x00000000d7180000,0x00000000d7280000)
 ParOldGen       total 68608K, used 44023K [0x0000000080000000, 0x0000000084300000, 0x00000000d5580000)
  object space 68608K, 64% used [0x0000000080000000,0x0000000082afde48,0x0000000084300000)
 Metaspace       used 58437K, committed 59776K, reserved 1114112K
  class space    used 6823K, committed 7424K, reserved 1048576K
}
Event: 197.729 GC heap after
{Heap after GC invocations=30 (full 2):
 PSYoungGen      total 23040K, used 1019K [0x00000000d5580000, 0x00000000d7300000, 0x0000000100000000)
  eden space 22016K, 0% used [0x00000000d5580000,0x00000000d5580000,0x00000000d6b00000)
  from space 1024K, 99% used [0x00000000d7180000,0x00000000d727ef88,0x00000000d7280000)
  to   space 4096K, 0% used [0x00000000d6b00000,0x00000000d6b00000,0x00000000d6f00000)
 ParOldGen       total 68608K, used 46526K [0x0000000080000000, 0x0000000084300000, 0x00000000d5580000)
  object space 68608K, 67% used [0x0000000080000000,0x0000000082d6fae0,0x0000000084300000)
 Metaspace       used 58437K, committed 59776K, reserved 1114112K
  class space    used 6823K, committed 7424K, reserved 1048576K
}
Event: 197.729 GC heap before
{Heap before GC invocations=31 (full 3):
 PSYoungGen      total 23040K, used 1019K [0x00000000d5580000, 0x00000000d7300000, 0x0000000100000000)
  eden space 22016K, 0% used [0x00000000d5580000,0x00000000d5580000,0x00000000d6b00000)
  from space 1024K, 99% used [0x00000000d7180000,0x00000000d727ef88,0x00000000d7280000)
  to   space 4096K, 0% used [0x00000000d6b00000,0x00000000d6b00000,0x00000000d6f00000)
 ParOldGen       total 68608K, used 46526K [0x0000000080000000, 0x0000000084300000, 0x00000000d5580000)
  object space 68608K, 67% used [0x0000000080000000,0x0000000082d6fae0,0x0000000084300000)
 Metaspace       used 58437K, committed 59776K, reserved 1114112K
  class space    used 6823K, committed 7424K, reserved 1048576K
}
Event: 198.010 GC heap after
{Heap after GC invocations=31 (full 3):
 PSYoungGen      total 23040K, used 0K [0x00000000d5580000, 0x00000000d7300000, 0x0000000100000000)
  eden space 22016K, 0% used [0x00000000d5580000,0x00000000d5580000,0x00000000d6b00000)
  from space 1024K, 0% used [0x00000000d7180000,0x00000000d7180000,0x00000000d7280000)
  to   space 4096K, 0% used [0x00000000d6b00000,0x00000000d6b00000,0x00000000d6f00000)
 ParOldGen       total 68608K, used 45710K [0x0000000080000000, 0x0000000084300000, 0x00000000d5580000)
  object space 68608K, 66% used [0x0000000080000000,0x0000000082ca3b30,0x0000000084300000)
 Metaspace       used 58437K, committed 59776K, reserved 1114112K
  class space    used 6823K, committed 7424K, reserved 1048576K
}
Event: 198.590 GC heap before
{Heap before GC invocations=32 (full 3):
 PSYoungGen      total 23040K, used 22016K [0x00000000d5580000, 0x00000000d7300000, 0x0000000100000000)
  eden space 22016K, 100% used [0x00000000d5580000,0x00000000d6b00000,0x00000000d6b00000)
  from space 1024K, 0% used [0x00000000d7180000,0x00000000d7180000,0x00000000d7280000)
  to   space 4096K, 0% used [0x00000000d6b00000,0x00000000d6b00000,0x00000000d6f00000)
 ParOldGen       total 68608K, used 45710K [0x0000000080000000, 0x0000000084300000, 0x00000000d5580000)
  object space 68608K, 66% used [0x0000000080000000,0x0000000082ca3b30,0x0000000084300000)
 Metaspace       used 59595K, committed 60928K, reserved 1114112K
  class space    used 7004K, committed 7552K, reserved 1048576K
}
Event: 198.594 GC heap after
{Heap after GC invocations=32 (full 3):
 PSYoungGen      total 26112K, used 1849K [0x00000000d5580000, 0x00000000d7200000, 0x0000000100000000)
  eden space 22016K, 0% used [0x00000000d5580000,0x00000000d5580000,0x00000000d6b00000)
  from space 4096K, 45% used [0x00000000d6b00000,0x00000000d6cce490,0x00000000d6f00000)
  to   space 2560K, 0% used [0x00000000d6f80000,0x00000000d6f80000,0x00000000d7200000)
 ParOldGen       total 68608K, used 45718K [0x0000000080000000, 0x0000000084300000, 0x00000000d5580000)
  object space 68608K, 66% used [0x0000000080000000,0x0000000082ca5b30,0x0000000084300000)
 Metaspace       used 59595K, committed 60928K, reserved 1114112K
  class space    used 7004K, committed 7552K, reserved 1048576K
}
Event: 198.909 GC heap before
{Heap before GC invocations=33 (full 3):
 PSYoungGen      total 26112K, used 23865K [0x00000000d5580000, 0x00000000d7200000, 0x0000000100000000)
  eden space 22016K, 100% used [0x00000000d5580000,0x00000000d6b00000,0x00000000d6b00000)
  from space 4096K, 45% used [0x00000000d6b00000,0x00000000d6cce490,0x00000000d6f00000)
  to   space 2560K, 0% used [0x00000000d6f80000,0x00000000d6f80000,0x00000000d7200000)
 ParOldGen       total 68608K, used 45718K [0x0000000080000000, 0x0000000084300000, 0x00000000d5580000)
  object space 68608K, 66% used [0x0000000080000000,0x0000000082ca5b30,0x0000000084300000)
 Metaspace       used 59736K, committed 61120K, reserved 1114112K
  class space    used 7016K, committed 7616K, reserved 1048576K
}
Event: 198.915 GC heap after
{Heap after GC invocations=33 (full 3):
 PSYoungGen      total 24064K, used 2016K [0x00000000d5580000, 0x00000000d7180000, 0x0000000100000000)
  eden space 22016K, 0% used [0x00000000d5580000,0x00000000d5580000,0x00000000d6b00000)
  from space 2048K, 98% used [0x00000000d6f80000,0x00000000d7178000,0x00000000d7180000)
  to   space 2560K, 0% used [0x00000000d6c80000,0x00000000d6c80000,0x00000000d6f00000)
 ParOldGen       total 68608K, used 47468K [0x0000000080000000, 0x0000000084300000, 0x00000000d5580000)
  object space 68608K, 69% used [0x0000000080000000,0x0000000082e5b0e0,0x0000000084300000)
 Metaspace       used 59736K, committed 61120K, reserved 1114112K
  class space    used 7016K, committed 7616K, reserved 1048576K
}
Event: 199.148 GC heap before
{Heap before GC invocations=34 (full 3):
 PSYoungGen      total 24064K, used 24032K [0x00000000d5580000, 0x00000000d7180000, 0x0000000100000000)
  eden space 22016K, 100% used [0x00000000d5580000,0x00000000d6b00000,0x00000000d6b00000)
  from space 2048K, 98% used [0x00000000d6f80000,0x00000000d7178000,0x00000000d7180000)
  to   space 2560K, 0% used [0x00000000d6c80000,0x00000000d6c80000,0x00000000d6f00000)
 ParOldGen       total 68608K, used 47468K [0x0000000080000000, 0x0000000084300000, 0x00000000d5580000)
  object space 68608K, 69% used [0x0000000080000000,0x0000000082e5b0e0,0x0000000084300000)
 Metaspace       used 59813K, committed 61184K, reserved 1114112K
  class space    used 7026K, committed 7616K, reserved 1048576K
}
Event: 199.156 GC heap after
{Heap after GC invocations=34 (full 3):
 PSYoungGen      total 24064K, used 2020K [0x00000000d5580000, 0x00000000d7000000, 0x0000000100000000)
  eden space 22016K, 0% used [0x00000000d5580000,0x00000000d5580000,0x00000000d6b00000)
  from space 2048K, 98% used [0x00000000d6c80000,0x00000000d6e79000,0x00000000d6e80000)
  to   space 1536K, 0% used [0x00000000d6e80000,0x00000000d6e80000,0x00000000d7000000)
 ParOldGen       total 68608K, used 49378K [0x0000000080000000, 0x0000000084300000, 0x00000000d5580000)
  object space 68608K, 71% used [0x0000000080000000,0x0000000083038a90,0x0000000084300000)
 Metaspace       used 59813K, committed 61184K, reserved 1114112K
  class space    used 7026K, committed 7616K, reserved 1048576K
}
Event: 199.485 GC heap before
{Heap before GC invocations=35 (full 3):
 PSYoungGen      total 24064K, used 24036K [0x00000000d5580000, 0x00000000d7000000, 0x0000000100000000)
  eden space 22016K, 100% used [0x00000000d5580000,0x00000000d6b00000,0x00000000d6b00000)
  from space 2048K, 98% used [0x00000000d6c80000,0x00000000d6e79000,0x00000000d6e80000)
  to   space 1536K, 0% used [0x00000000d6e80000,0x00000000d6e80000,0x00000000d7000000)
 ParOldGen       total 68608K, used 49378K [0x0000000080000000, 0x0000000084300000, 0x00000000d5580000)
  object space 68608K, 71% used [0x0000000080000000,0x0000000083038a90,0x0000000084300000)
 Metaspace       used 60171K, committed 61632K, reserved 1114112K
  class space    used 7055K, committed 7680K, reserved 1048576K
}
Event: 199.493 GC heap after
{Heap after GC invocations=35 (full 3):
 PSYoungGen      total 22528K, used 1504K [0x00000000d5580000, 0x00000000d7400000, 0x0000000100000000)
  eden space 20992K, 0% used [0x00000000d5580000,0x00000000d5580000,0x00000000d6a00000)
  from space 1536K, 97% used [0x00000000d6e80000,0x00000000d6ff8010,0x00000000d7000000)
  to   space 4608K, 0% used [0x00000000d6a00000,0x00000000d6a00000,0x00000000d6e80000)
 ParOldGen       total 68608K, used 51938K [0x0000000080000000, 0x0000000084300000, 0x00000000d5580000)
  object space 68608K, 75% used [0x0000000080000000,0x00000000832b8b90,0x0000000084300000)
 Metaspace       used 60171K, committed 61632K, reserved 1114112K
  class space    used 7055K, committed 7680K, reserved 1048576K
}
Event: 200.233 GC heap before
{Heap before GC invocations=36 (full 3):
 PSYoungGen      total 22528K, used 22496K [0x00000000d5580000, 0x00000000d7400000, 0x0000000100000000)
  eden space 20992K, 100% used [0x00000000d5580000,0x00000000d6a00000,0x00000000d6a00000)
  from space 1536K, 97% used [0x00000000d6e80000,0x00000000d6ff8010,0x00000000d7000000)
  to   space 4608K, 0% used [0x00000000d6a00000,0x00000000d6a00000,0x00000000d6e80000)
 ParOldGen       total 68608K, used 51938K [0x0000000080000000, 0x0000000084300000, 0x00000000d5580000)
  object space 68608K, 75% used [0x0000000080000000,0x00000000832b8b90,0x0000000084300000)
 Metaspace       used 60336K, committed 61760K, reserved 1114112K
  class space    used 7070K, committed 7680K, reserved 1048576K
}
Event: 200.239 GC heap after
{Heap after GC invocations=36 (full 3):
 PSYoungGen      total 22528K, used 1464K [0x00000000d5580000, 0x00000000d6f00000, 0x0000000100000000)
  eden space 20992K, 0% used [0x00000000d5580000,0x00000000d5580000,0x00000000d6a00000)
  from space 1536K, 95% used [0x00000000d6a00000,0x00000000d6b6e200,0x00000000d6b80000)
  to   space 2560K, 0% used [0x00000000d6c80000,0x00000000d6c80000,0x00000000d6f00000)
 ParOldGen       total 68608K, used 53466K [0x0000000080000000, 0x0000000084300000, 0x00000000d5580000)
  object space 68608K, 77% used [0x0000000080000000,0x0000000083436ba0,0x0000000084300000)
 Metaspace       used 60336K, committed 61760K, reserved 1114112K
  class space    used 7070K, committed 7680K, reserved 1048576K
}

Dll operation events (15 events):
Event: 0.088 Loaded shared library c:\Users\USER\.antigravity\extensions\redhat.java-1.50.0-win32-x64\jre\21.0.9-win32-x86_64\bin\java.dll
Event: 0.656 Loaded shared library c:\Users\USER\.antigravity\extensions\redhat.java-1.50.0-win32-x64\jre\21.0.9-win32-x86_64\bin\zip.dll
Event: 0.771 Loaded shared library C:\Users\USER\.antigravity\extensions\redhat.java-1.50.0-win32-x64\jre\21.0.9-win32-x86_64\bin\instrument.dll
Event: 0.816 Loaded shared library C:\Users\USER\.antigravity\extensions\redhat.java-1.50.0-win32-x64\jre\21.0.9-win32-x86_64\bin\net.dll
Event: 0.820 Loaded shared library C:\Users\USER\.antigravity\extensions\redhat.java-1.50.0-win32-x64\jre\21.0.9-win32-x86_64\bin\nio.dll
Event: 0.842 Loaded shared library C:\Users\USER\.antigravity\extensions\redhat.java-1.50.0-win32-x64\jre\21.0.9-win32-x86_64\bin\zip.dll
Event: 1.233 Loaded shared library C:\Users\USER\.antigravity\extensions\redhat.java-1.50.0-win32-x64\jre\21.0.9-win32-x86_64\bin\jimage.dll
Event: 1.833 Loaded shared library c:\Users\USER\.antigravity\extensions\redhat.java-1.50.0-win32-x64\jre\21.0.9-win32-x86_64\bin\verify.dll
Event: 65.328 Loaded shared library C:\Users\USER\AppData\Roaming\Antigravity\User\globalStorage\redhat.java\1.50.0\config_win\org.eclipse.equinox.launcher\org.eclipse.equinox.launcher.win32.win32.x86_64_1.2.1400.v20250801-0854\eclipse_11916.dll
Event: 165.760 Loaded shared library C:\Users\USER\AppData\Local\Temp\jna-2614219\jna13311633514493746894.dll
Event: 188.009 Loaded shared library C:\Users\USER\.gradle\native\1def1411415f61bf3af743bc5b6707747c0891f09f0c88961ee8f79bc544acac\windows-amd64\native-platform.dll
Event: 194.962 Loaded shared library C:\Users\USER\.antigravity\extensions\redhat.java-1.50.0-win32-x64\jre\21.0.9-win32-x86_64\bin\management.dll
Event: 194.977 Loaded shared library C:\Users\USER\.antigravity\extensions\redhat.java-1.50.0-win32-x64\jre\21.0.9-win32-x86_64\bin\management_ext.dll
Event: 195.483 Loaded shared library C:\Users\USER\.antigravity\extensions\redhat.java-1.50.0-win32-x64\jre\21.0.9-win32-x86_64\bin\sunmscapi.dll
Event: 197.617 Loaded shared library C:\Users\USER\.antigravity\extensions\redhat.java-1.50.0-win32-x64\jre\21.0.9-win32-x86_64\bin\extnet.dll

Deoptimization events (20 events):
Event: 201.709 Thread 0x00000163727da990 Uncommon trap: trap_request=0xffffff45 fr.pc=0x000001632008a048 relative=0x0000000000000128
Event: 201.709 Thread 0x00000163727da990 Uncommon trap: reason=unstable_if action=reinterpret pc=0x000001632008a048 method=java.lang.StringConcatHelper.prepend(J[BLjava/lang/String;)J @ 13 c2
Event: 201.709 Thread 0x00000163727da990 DEOPT PACKING pc=0x000001632008a048 sp=0x0000003f25dfe8f0
Event: 201.709 Thread 0x00000163727da990 DEOPT UNPACKING pc=0x000001631f993aa2 sp=0x0000003f25dfe8a0 mode 2
Event: 201.709 Thread 0x00000163727da990 Uncommon trap: trap_request=0xffffff45 fr.pc=0x000001632009d2e0 relative=0x00000000000000c0
Event: 201.709 Thread 0x00000163727da990 Uncommon trap: reason=unstable_if action=reinterpret pc=0x000001632009d2e0 method=java.lang.StringConcatHelper.newString([BJ)Ljava/lang/String; @ 3 c2
Event: 201.709 Thread 0x00000163727da990 DEOPT PACKING pc=0x000001632009d2e0 sp=0x0000003f25dfea30
Event: 201.709 Thread 0x00000163727da990 DEOPT UNPACKING pc=0x000001631f993aa2 sp=0x0000003f25dfe9b8 mode 2
Event: 201.710 Thread 0x00000163727da990 Uncommon trap: trap_request=0xffffff45 fr.pc=0x000001632033f4c4 relative=0x00000000000017e4
Event: 201.710 Thread 0x00000163727da990 Uncommon trap: reason=unstable_if action=reinterpret pc=0x000001632033f4c4 method=com.google.gson.stream.JsonWriter.string(Ljava/lang/String;)V @ 57 c2
Event: 201.710 Thread 0x00000163727da990 DEOPT PACKING pc=0x000001632033f4c4 sp=0x0000003f25dfe050
Event: 201.710 Thread 0x00000163727da990 DEOPT UNPACKING pc=0x000001631f993aa2 sp=0x0000003f25dfe048 mode 2
Event: 201.715 Thread 0x00000163727da990 Uncommon trap: trap_request=0xffffffde fr.pc=0x000001631ffd09dc relative=0x00000000000004fc
Event: 201.715 Thread 0x00000163727da990 Uncommon trap: reason=class_check action=maybe_recompile pc=0x000001631ffd09dc method=java.util.AbstractMap.hashCode()I @ 3 c2
Event: 201.715 Thread 0x00000163727da990 DEOPT PACKING pc=0x000001631ffd09dc sp=0x0000003f25dfeae0
Event: 201.715 Thread 0x00000163727da990 DEOPT UNPACKING pc=0x000001631f993aa2 sp=0x0000003f25dfea88 mode 2
Event: 202.963 Thread 0x00000163727da990 Uncommon trap: trap_request=0xffffffde fr.pc=0x000001631ffd09dc relative=0x00000000000004fc
Event: 202.963 Thread 0x00000163727da990 Uncommon trap: reason=class_check action=maybe_recompile pc=0x000001631ffd09dc method=java.util.AbstractMap.hashCode()I @ 3 c2
Event: 202.963 Thread 0x00000163727da990 DEOPT PACKING pc=0x000001631ffd09dc sp=0x0000003f25dfeae0
Event: 202.963 Thread 0x00000163727da990 DEOPT UNPACKING pc=0x000001631f993aa2 sp=0x0000003f25dfea88 mode 2

Classes loaded (20 events):
Event: 200.578 Loading class sun/security/ssl/Alert$AlertConsumer
Event: 200.578 Loading class sun/security/ssl/Alert$AlertConsumer done
Event: 200.578 Loading class sun/security/ssl/Alert$Level
Event: 200.578 Loading class sun/security/ssl/Alert$Level done
Event: 200.579 Loading class java/util/AbstractList$RandomAccessSubList
Event: 200.579 Loading class java/util/AbstractList$SubList
Event: 200.580 Loading class java/util/AbstractList$SubList done
Event: 200.580 Loading class java/util/AbstractList$RandomAccessSubList done
Event: 200.580 Loading class java/util/AbstractList$SubList$1
Event: 200.580 Loading class java/util/AbstractList$SubList$1 done
Event: 201.675 Loading class sun/net/www/http/ChunkedInputStream
Event: 201.676 Loading class sun/net/www/http/ChunkedInputStream done
Event: 201.676 Loading class sun/net/www/protocol/http/HttpURLConnection$HttpInputStream
Event: 201.676 Loading class sun/net/www/protocol/http/HttpURLConnection$HttpInputStream done
Event: 201.696 Loading class java/lang/Throwable$WrappedPrintWriter
Event: 201.697 Loading class java/lang/Throwable$PrintStreamOrWriter
Event: 201.697 Loading class java/lang/Throwable$PrintStreamOrWriter done
Event: 201.697 Loading class java/lang/Throwable$WrappedPrintWriter done
Event: 202.967 Loading class java/security/DigestInputStream
Event: 202.968 Loading class java/security/DigestInputStream done

Classes unloaded (12 events):
Event: 168.827 Thread 0x00000163152aea30 Unloading class 0x000001632d1aec00 'java/lang/invoke/LambdaForm$MH+0x000001632d1aec00'
Event: 168.827 Thread 0x00000163152aea30 Unloading class 0x000001632d1ae800 'java/lang/invoke/LambdaForm$MH+0x000001632d1ae800'
Event: 168.827 Thread 0x00000163152aea30 Unloading class 0x000001632d1ae400 'java/lang/invoke/LambdaForm$MH+0x000001632d1ae400'
Event: 168.827 Thread 0x00000163152aea30 Unloading class 0x000001632d1ae000 'java/lang/invoke/LambdaForm$MH+0x000001632d1ae000'
Event: 168.827 Thread 0x00000163152aea30 Unloading class 0x000001632d1adc00 'java/lang/invoke/LambdaForm$BMH+0x000001632d1adc00'
Event: 168.827 Thread 0x00000163152aea30 Unloading class 0x000001632d1ad800 'java/lang/invoke/LambdaForm$DMH+0x000001632d1ad800'
Event: 168.827 Thread 0x00000163152aea30 Unloading class 0x000001632d1ac400 'java/lang/invoke/LambdaForm$DMH+0x000001632d1ac400'
Event: 173.653 Thread 0x00000163152aea30 Unloading class 0x000001632d2fb800 'java/lang/invoke/LambdaForm$MH+0x000001632d2fb800'
Event: 173.653 Thread 0x00000163152aea30 Unloading class 0x000001632d2fb000 'java/lang/invoke/LambdaForm$MH+0x000001632d2fb000'
Event: 173.653 Thread 0x00000163152aea30 Unloading class 0x000001632d2fa400 'java/lang/invoke/LambdaForm$DMH+0x000001632d2fa400'
Event: 173.653 Thread 0x00000163152aea30 Unloading class 0x000001632d2f5800 'java/lang/invoke/LambdaForm$MH+0x000001632d2f5800'
Event: 173.653 Thread 0x00000163152aea30 Unloading class 0x000001632d2f4800 'java/lang/invoke/LambdaForm$MH+0x000001632d2f4800'

Classes redefined (0 events):
No events

Internal exceptions (20 events):
Event: 195.637 Thread 0x00000163727da300 Exception <a 'sun/nio/fs/WindowsException'{0x00000000d66a1b88}> (0x00000000d66a1b88) 
thrown [s\src\hotspot\share\prims\jni.cpp, line 520]
Event: 195.638 Thread 0x00000163727da300 Exception <a 'sun/nio/fs/WindowsException'{0x00000000d66a2408}> (0x00000000d66a2408) 
thrown [s\src\hotspot\share\prims\jni.cpp, line 520]
Event: 195.641 Thread 0x00000163727da300 Exception <a 'sun/nio/fs/WindowsException'{0x00000000d66a3618}> (0x00000000d66a3618) 
thrown [s\src\hotspot\share\prims\jni.cpp, line 520]
Event: 195.642 Thread 0x00000163727da300 Exception <a 'sun/nio/fs/WindowsException'{0x00000000d6704d00}> (0x00000000d6704d00) 
thrown [s\src\hotspot\share\prims\jni.cpp, line 520]
Event: 195.756 Thread 0x00000163727da300 Exception <a 'java/lang/NoSuchMethodError'{0x00000000d6aecd60}: 'java.lang.Object java.lang.invoke.DelegatingMethodHandle$Holder.reinvoke_L(java.lang.Object, int, long, java.lang.Object, java.lang.Object, int, java.lang.Object)'> (0x00000000d6aecd60) 
thrown [s\src\hotspot\share\interpreter\linkResolver.cpp, line 773]
Event: 196.153 Thread 0x00000163745e9e70 Exception <a 'java/lang/IncompatibleClassChangeError'{0x00000000d5eb73a0}: Found class java.lang.Object, but interface was expected> (0x00000000d5eb73a0) 
thrown [s\src\hotspot\share\interpreter\linkResolver.cpp, line 840]
Event: 196.659 Thread 0x00000163727da300 Exception <a 'java/lang/NoSuchMethodError'{0x00000000d65d4df0}: 'java.lang.Object java.lang.invoke.Invokers$Holder.invoke_MT(java.lang.Object, java.lang.Object, java.lang.Object, java.lang.Object, java.lang.Object, java.lang.Object, java.lang.Object, java.lang.Object, java.lang.Object, java.lang.Object)'> (0x00000000d65d4df0) 
thrown [s\src\hotspot\share\interpreter\linkResolver.cpp, line 773]
Event: 196.981 Thread 0x00000163745eed30 Exception <a 'java/lang/NoSuchMethodError'{0x00000000d56c61b0}: 'java.lang.Object java.lang.invoke.DirectMethodHandle$Holder.invokeStaticInit(java.lang.Object, java.lang.Object, java.lang.Object)'> (0x00000000d56c61b0) 
thrown [s\src\hotspot\share\interpreter\linkResolver.cpp, line 773]
Event: 200.403 Thread 0x00000163727da300 Exception <a 'java/io/FileNotFoundException'{0x00000000d5e60d58}> (0x00000000d5e60d58) 
thrown [s\src\hotspot\share\prims\jni.cpp, line 520]
Event: 200.403 Thread 0x00000163727da300 Exception <a 'java/io/FileNotFoundException'{0x00000000d5e61ae0}> (0x00000000d5e61ae0) 
thrown [s\src\hotspot\share\prims\jni.cpp, line 520]
Event: 200.439 Thread 0x00000163727da300 Exception <a 'sun/nio/fs/WindowsException'{0x00000000d5f82098}> (0x00000000d5f82098) 
thrown [s\src\hotspot\share\prims\jni.cpp, line 520]
Event: 200.440 Thread 0x00000163727da300 Exception <a 'sun/nio/fs/WindowsException'{0x00000000d5f82918}> (0x00000000d5f82918) 
thrown [s\src\hotspot\share\prims\jni.cpp, line 520]
Event: 200.581 Thread 0x00000163745eab90 Exception <a 'sun/nio/fs/WindowsException'{0x00000000d60aa938}> (0x00000000d60aa938) 
thrown [s\src\hotspot\share\prims\jni.cpp, line 520]
Event: 200.581 Thread 0x00000163745eab90 Exception <a 'sun/nio/fs/WindowsException'{0x00000000d60ab488}> (0x00000000d60ab488) 
thrown [s\src\hotspot\share\prims\jni.cpp, line 520]
Event: 200.582 Thread 0x00000163745eab90 Exception <a 'sun/nio/fs/WindowsException'{0x00000000d60ac948}> (0x00000000d60ac948) 
thrown [s\src\hotspot\share\prims\jni.cpp, line 520]
Event: 200.582 Thread 0x00000163745eab90 Exception <a 'sun/nio/fs/WindowsException'{0x00000000d60ad478}> (0x00000000d60ad478) 
thrown [s\src\hotspot\share\prims\jni.cpp, line 520]
Event: 200.589 Thread 0x00000163745eab90 Exception <a 'sun/nio/fs/WindowsException'{0x00000000d60af2e0}> (0x00000000d60af2e0) 
thrown [s\src\hotspot\share\prims\jni.cpp, line 520]
Event: 200.589 Thread 0x00000163745eab90 Exception <a 'sun/nio/fs/WindowsException'{0x00000000d619c230}> (0x00000000d619c230) 
thrown [s\src\hotspot\share\prims\jni.cpp, line 520]
Event: 200.668 Thread 0x00000163745e97e0 Exception <a 'sun/nio/fs/WindowsException'{0x00000000d62c45e8}> (0x00000000d62c45e8) 
thrown [s\src\hotspot\share\prims\jni.cpp, line 520]
Event: 200.669 Thread 0x00000163745e97e0 Exception <a 'sun/nio/fs/WindowsException'{0x00000000d62c5118}> (0x00000000d62c5118) 
thrown [s\src\hotspot\share\prims\jni.cpp, line 520]

ZGC Phase Switch (0 events):
No events

VM Operations (20 events):
Event: 199.147 Executing VM operation: ParallelGCFailedAllocation (Allocation Failure)
Event: 199.156 Executing VM operation: ParallelGCFailedAllocation (Allocation Failure) done
Event: 199.485 Executing VM operation: ParallelGCFailedAllocation (Allocation Failure)
Event: 199.493 Executing VM operation: ParallelGCFailedAllocation (Allocation Failure) done
Event: 200.232 Executing VM operation: ParallelGCFailedAllocation (Allocation Failure)
Event: 200.239 Executing VM operation: ParallelGCFailedAllocation (Allocation Failure) done
Event: 200.453 Executing VM operation: HandshakeAllThreads (Deoptimize)
Event: 200.462 Executing VM operation: HandshakeAllThreads (Deoptimize) done
Event: 200.573 Executing VM operation: HandshakeAllThreads (Deoptimize)
Event: 200.573 Executing VM operation: HandshakeAllThreads (Deoptimize) done
Event: 200.618 Executing VM operation: HandshakeAllThreads (Deoptimize)
Event: 200.619 Executing VM operation: HandshakeAllThreads (Deoptimize) done
Event: 200.655 Executing VM operation: HandshakeAllThreads (Deoptimize)
Event: 200.655 Executing VM operation: HandshakeAllThreads (Deoptimize) done
Event: 201.665 Executing VM operation: Cleanup
Event: 201.665 Executing VM operation: Cleanup done
Event: 202.667 Executing VM operation: Cleanup
Event: 202.667 Executing VM operation: Cleanup done
Event: 203.668 Executing VM operation: Cleanup
Event: 203.668 Executing VM operation: Cleanup done

Memory protections (0 events):
No events

Nmethod flushes (20 events):
Event: 197.904 Thread 0x00000163152aea30 flushing  nmethod 0x0000016318d3f210
Event: 197.904 Thread 0x00000163152aea30 flushing  nmethod 0x0000016318d3f610
Event: 197.904 Thread 0x00000163152aea30 flushing  nmethod 0x0000016318d3fa90
Event: 197.904 Thread 0x00000163152aea30 flushing  nmethod 0x0000016318d40090
Event: 197.904 Thread 0x00000163152aea30 flushing  nmethod 0x0000016318d42010
Event: 197.904 Thread 0x00000163152aea30 flushing  nmethod 0x0000016318d43690
Event: 197.904 Thread 0x00000163152aea30 flushing  nmethod 0x0000016318d56610
Event: 197.904 Thread 0x00000163152aea30 flushing  nmethod 0x0000016318d86110
Event: 197.904 Thread 0x00000163152aea30 flushing  nmethod 0x0000016318d87010
Event: 197.904 Thread 0x00000163152aea30 flushing  nmethod 0x0000016318d87710
Event: 197.904 Thread 0x00000163152aea30 flushing  nmethod 0x0000016318d87d10
Event: 197.904 Thread 0x00000163152aea30 flushing  nmethod 0x0000016318d88590
Event: 197.904 Thread 0x00000163152aea30 flushing  nmethod 0x0000016318d88b10
Event: 197.904 Thread 0x00000163152aea30 flushing  nmethod 0x0000016318d96090
Event: 197.904 Thread 0x00000163152aea30 flushing  nmethod 0x0000016318d99590
Event: 197.904 Thread 0x00000163152aea30 flushing  nmethod 0x0000016318da0e10
Event: 197.904 Thread 0x00000163152aea30 flushing  nmethod 0x0000016318db1a10
Event: 197.904 Thread 0x00000163152aea30 flushing  nmethod 0x0000016318db5690
Event: 197.904 Thread 0x00000163152aea30 flushing  nmethod 0x0000016318dbe790
Event: 197.904 Thread 0x00000163152aea30 flushing  nmethod 0x0000016318dbf110

Events (20 events):
Event: 174.174 Thread 0x0000016312f68270 Thread added: 0x00000163745ebf40
Event: 174.313 Thread 0x0000016312f68270 Thread added: 0x00000163745ecc60
Event: 175.002 Thread 0x0000016312f68270 Thread added: 0x00000163745eb220
Event: 175.002 Thread 0x0000016312f68270 Thread added: 0x00000163745e9e70
Event: 183.054 Thread 0x00000163727db020 Thread added: 0x00000163745e97e0
Event: 183.055 Thread 0x00000163745e97e0 Thread added: 0x00000163745eab90
Event: 184.387 Thread 0x000001631517de00 Thread added: 0x0000016372681330
Event: 185.356 Thread 0x0000016372681330 Thread exited: 0x0000016372681330
Event: 185.495 Thread 0x00000163727d9c70 Thread added: 0x00000163745ee6a0
Event: 185.785 Thread 0x00000163727d9c70 Thread added: 0x00000163745ef3c0
Event: 195.167 Thread 0x00000163745ef3c0 Thread exited: 0x00000163745ef3c0
Event: 196.204 Thread 0x00000163745e9e70 Thread added: 0x00000163745eed30
Event: 200.483 Thread 0x00000163727da990 Thread added: 0x00000163745f00e0
Event: 200.492 Thread 0x00000163745f00e0 Thread exited: 0x00000163745f00e0
Event: 200.793 Thread 0x00000163727da990 Thread added: 0x00000163745ed2f0
Event: 200.794 Thread 0x00000163745ed2f0 Thread exited: 0x00000163745ed2f0
Event: 201.806 Thread 0x00000163727da990 Thread added: 0x00000163745ef3c0
Event: 201.811 Thread 0x00000163745ef3c0 Thread exited: 0x00000163745ef3c0
Event: 201.922 Thread 0x00000163727da990 Thread added: 0x00000163745ed2f0
Event: 201.925 Thread 0x00000163745ed2f0 Thread exited: 0x00000163745ed2f0


Dynamic libraries:
0x00007ff60e090000 - 0x00007ff60e09e000 	c:\Users\USER\.antigravity\extensions\redhat.java-1.50.0-win32-x64\jre\21.0.9-win32-x86_64\bin\java.exe
0x00007ffe77ae0000 - 0x00007ffe77d47000 	C:\WINDOWS\SYSTEM32\ntdll.dll
0x00007ffe765c0000 - 0x00007ffe76689000 	C:\WINDOWS\System32\KERNEL32.DLL
0x00007ffe74e30000 - 0x00007ffe7521f000 	C:\WINDOWS\System32\KERNELBASE.dll
0x00007ffe75420000 - 0x00007ffe7556b000 	C:\WINDOWS\System32\ucrtbase.dll
0x00007ffdf5f20000 - 0x00007ffdf5f38000 	c:\Users\USER\.antigravity\extensions\redhat.java-1.50.0-win32-x64\jre\21.0.9-win32-x86_64\bin\jli.dll
0x00007ffe76920000 - 0x00007ffe76ae5000 	C:\WINDOWS\System32\USER32.dll
0x00007ffe75850000 - 0x00007ffe75877000 	C:\WINDOWS\System32\win32u.dll
0x00007ffe76420000 - 0x00007ffe7644b000 	C:\WINDOWS\System32\GDI32.dll
0x00007ffe75230000 - 0x00007ffe7535c000 	C:\WINDOWS\System32\gdi32full.dll
0x00007ffe75620000 - 0x00007ffe756c3000 	C:\WINDOWS\System32\msvcp_win.dll
0x00007ffe0b220000 - 0x00007ffe0b23e000 	c:\Users\USER\.antigravity\extensions\redhat.java-1.50.0-win32-x64\jre\21.0.9-win32-x86_64\bin\VCRUNTIME140.dll
0x00007ffe5d870000 - 0x00007ffe5db03000 	C:\WINDOWS\WinSxS\amd64_microsoft.windows.common-controls_6595b64144ccf1df_6.0.26100.7309_none_3e05feeae336a044\COMCTL32.dll
0x00007ffe75f60000 - 0x00007ffe76009000 	C:\WINDOWS\System32\msvcrt.dll
0x00007ffe76690000 - 0x00007ffe766c1000 	C:\WINDOWS\System32\IMM32.DLL
0x00007ffe5edd0000 - 0x00007ffe5eddc000 	c:\Users\USER\.antigravity\extensions\redhat.java-1.50.0-win32-x64\jre\21.0.9-win32-x86_64\bin\vcruntime140_1.dll
0x00007ffdf15d0000 - 0x00007ffdf165d000 	c:\Users\USER\.antigravity\extensions\redhat.java-1.50.0-win32-x64\jre\21.0.9-win32-x86_64\bin\msvcp140.dll
0x00007ffddb890000 - 0x00007ffddc630000 	c:\Users\USER\.antigravity\extensions\redhat.java-1.50.0-win32-x64\jre\21.0.9-win32-x86_64\bin\server\jvm.dll
0x00007ffe767b0000 - 0x00007ffe76864000 	C:\WINDOWS\System32\ADVAPI32.dll
0x00007ffe76870000 - 0x00007ffe76916000 	C:\WINDOWS\System32\sechost.dll
0x00007ffe76af0000 - 0x00007ffe76c08000 	C:\WINDOWS\System32\RPCRT4.dll
0x00007ffe75d10000 - 0x00007ffe75d84000 	C:\WINDOWS\System32\WS2_32.dll
0x00007ffe74a90000 - 0x00007ffe74aee000 	C:\WINDOWS\SYSTEM32\POWRPROF.dll
0x00007ffe6eec0000 - 0x00007ffe6eef5000 	C:\WINDOWS\SYSTEM32\WINMM.dll
0x00007ffe6ef00000 - 0x00007ffe6ef0b000 	C:\WINDOWS\SYSTEM32\VERSION.dll
0x00007ffe74a70000 - 0x00007ffe74a84000 	C:\WINDOWS\SYSTEM32\UMPDC.dll
0x00007ffe739e0000 - 0x00007ffe739fb000 	C:\WINDOWS\SYSTEM32\kernel.appcore.dll
0x00007ffe46770000 - 0x00007ffe4677a000 	c:\Users\USER\.antigravity\extensions\redhat.java-1.50.0-win32-x64\jre\21.0.9-win32-x86_64\bin\jimage.dll
0x00007ffe696c0000 - 0x00007ffe69902000 	C:\WINDOWS\SYSTEM32\DBGHELP.DLL
0x00007ffe77590000 - 0x00007ffe77915000 	C:\WINDOWS\System32\combase.dll
0x00007ffe766d0000 - 0x00007ffe767a6000 	C:\WINDOWS\System32\OLEAUT32.dll
0x00007ffe5d730000 - 0x00007ffe5d76c000 	C:\WINDOWS\SYSTEM32\dbgcore.DLL
0x00007ffe75570000 - 0x00007ffe75615000 	C:\WINDOWS\System32\bcryptPrimitives.dll
0x00007ffe4bcb0000 - 0x00007ffe4bcbf000 	c:\Users\USER\.antigravity\extensions\redhat.java-1.50.0-win32-x64\jre\21.0.9-win32-x86_64\bin\instrument.dll
0x00007ffe0b200000 - 0x00007ffe0b220000 	c:\Users\USER\.antigravity\extensions\redhat.java-1.50.0-win32-x64\jre\21.0.9-win32-x86_64\bin\java.dll
0x00007ffe76e20000 - 0x00007ffe77573000 	C:\WINDOWS\System32\SHELL32.dll
0x00007ffe74c30000 - 0x00007ffe74d9a000 	C:\WINDOWS\System32\wintypes.dll
0x00007ffe72870000 - 0x00007ffe730ce000 	C:\WINDOWS\SYSTEM32\windows.storage.dll
0x00007ffe75df0000 - 0x00007ffe75ee5000 	C:\WINDOWS\System32\SHCORE.dll
0x00007ffe75ef0000 - 0x00007ffe75f56000 	C:\WINDOWS\System32\shlwapi.dll
0x00007ffe74b50000 - 0x00007ffe74b79000 	C:\WINDOWS\SYSTEM32\profapi.dll
0x00007ffdf3330000 - 0x00007ffdf3348000 	c:\Users\USER\.antigravity\extensions\redhat.java-1.50.0-win32-x64\jre\21.0.9-win32-x86_64\bin\zip.dll
0x00007ffe45b50000 - 0x00007ffe45b60000 	C:\Users\USER\.antigravity\extensions\redhat.java-1.50.0-win32-x64\jre\21.0.9-win32-x86_64\bin\net.dll
0x00007ffe6a740000 - 0x00007ffe6a868000 	C:\WINDOWS\SYSTEM32\WINHTTP.dll
0x00007ffe73f50000 - 0x00007ffe73fbb000 	C:\WINDOWS\system32\mswsock.dll
0x00007ffdf32e0000 - 0x00007ffdf32f6000 	C:\Users\USER\.antigravity\extensions\redhat.java-1.50.0-win32-x64\jre\21.0.9-win32-x86_64\bin\nio.dll
0x00007ffe577c0000 - 0x00007ffe577d0000 	c:\Users\USER\.antigravity\extensions\redhat.java-1.50.0-win32-x64\jre\21.0.9-win32-x86_64\bin\verify.dll
0x00007ffe327b0000 - 0x00007ffe327f4000 	C:\Users\USER\AppData\Roaming\Antigravity\User\globalStorage\redhat.java\1.50.0\config_win\org.eclipse.equinox.launcher\org.eclipse.equinox.launcher.win32.win32.x86_64_1.2.1400.v20250801-0854\eclipse_11916.dll
0x00007ffe761f0000 - 0x00007ffe76387000 	C:\WINDOWS\System32\ole32.dll
0x00007ffe74220000 - 0x00007ffe7423b000 	C:\WINDOWS\SYSTEM32\CRYPTSP.dll
0x00007ffe73940000 - 0x00007ffe7397a000 	C:\WINDOWS\system32\rsaenh.dll
0x00007ffe74000000 - 0x00007ffe7402b000 	C:\WINDOWS\SYSTEM32\USERENV.dll
0x00007ffe74b20000 - 0x00007ffe74b4a000 	C:\WINDOWS\SYSTEM32\bcrypt.dll
0x00007ffe74210000 - 0x00007ffe7421c000 	C:\WINDOWS\SYSTEM32\CRYPTBASE.dll
0x00007ffe73440000 - 0x00007ffe73474000 	C:\WINDOWS\SYSTEM32\IPHLPAPI.DLL
0x00007ffe76410000 - 0x00007ffe7641a000 	C:\WINDOWS\System32\NSI.dll
0x00007ffe35d40000 - 0x00007ffe35d89000 	C:\Users\USER\AppData\Local\Temp\jna-2614219\jna13311633514493746894.dll
0x00007ffe77a90000 - 0x00007ffe77a98000 	C:\WINDOWS\System32\PSAPI.DLL
0x00007ffe6a710000 - 0x00007ffe6a72e000 	C:\WINDOWS\SYSTEM32\dhcpcsvc6.DLL
0x00007ffe6a6e0000 - 0x00007ffe6a703000 	C:\WINDOWS\SYSTEM32\dhcpcsvc.DLL
0x00007ffe5bd80000 - 0x00007ffe5bda7000 	C:\Users\USER\.gradle\native\1def1411415f61bf3af743bc5b6707747c0891f09f0c88961ee8f79bc544acac\windows-amd64\native-platform.dll
0x00007ffe630a0000 - 0x00007ffe630aa000 	C:\Users\USER\.antigravity\extensions\redhat.java-1.50.0-win32-x64\jre\21.0.9-win32-x86_64\bin\management.dll
0x00007ffe63090000 - 0x00007ffe6309c000 	C:\Users\USER\.antigravity\extensions\redhat.java-1.50.0-win32-x64\jre\21.0.9-win32-x86_64\bin\management_ext.dll
0x00007ffe5f690000 - 0x00007ffe5f69e000 	C:\Users\USER\.antigravity\extensions\redhat.java-1.50.0-win32-x64\jre\21.0.9-win32-x86_64\bin\sunmscapi.dll
0x00007ffe756d0000 - 0x00007ffe75847000 	C:\WINDOWS\System32\CRYPT32.dll
0x00007ffe74430000 - 0x00007ffe74460000 	C:\WINDOWS\SYSTEM32\ncrypt.dll
0x00007ffe743e0000 - 0x00007ffe7441f000 	C:\WINDOWS\SYSTEM32\NTASN1.dll
0x00007ffe734e0000 - 0x00007ffe7360c000 	C:\WINDOWS\SYSTEM32\DNSAPI.dll
0x00007ffe5eb90000 - 0x00007ffe5eb9b000 	C:\Windows\System32\rasadhlp.dll
0x00007ffe69580000 - 0x00007ffe69606000 	C:\WINDOWS\System32\fwpuclnt.dll
0x00007ffe5f680000 - 0x00007ffe5f689000 	C:\Users\USER\.antigravity\extensions\redhat.java-1.50.0-win32-x64\jre\21.0.9-win32-x86_64\bin\extnet.dll

JVMTI agents:
c:\Users\USER\.antigravity\extensions\redhat.java-1.50.0-win32-x64\lombok\lombok-1.18.39-4050.jar path:c:\Users\USER\.antigravity\extensions\redhat.java-1.50.0-win32-x64\jre\21.0.9-win32-x86_64\bin\instrument.dll, loaded, initialized, instrumentlib options:none

dbghelp: loaded successfully - version: 4.0.5 - missing functions: none
symbol engine: initialized successfully - sym options: 0x614 - pdb path: .;c:\Users\USER\.antigravity\extensions\redhat.java-1.50.0-win32-x64\jre\21.0.9-win32-x86_64\bin;C:\WINDOWS\SYSTEM32;C:\WINDOWS\WinSxS\amd64_microsoft.windows.common-controls_6595b64144ccf1df_6.0.26100.7309_none_3e05feeae336a044;c:\Users\USER\.antigravity\extensions\redhat.java-1.50.0-win32-x64\jre\21.0.9-win32-x86_64\bin\server;C:\Users\USER\AppData\Roaming\Antigravity\User\globalStorage\redhat.java\1.50.0\config_win\org.eclipse.equinox.launcher\org.eclipse.equinox.launcher.win32.win32.x86_64_1.2.1400.v20250801-0854;C:\Users\USER\AppData\Local\Temp\jna-2614219;C:\Users\USER\.gradle\native\1def1411415f61bf3af743bc5b6707747c0891f09f0c88961ee8f79bc544acac\windows-amd64

VM Arguments:
jvm_args: --add-modules=ALL-SYSTEM --add-opens=java.base/java.util=ALL-UNNAMED --add-opens=java.base/java.lang=ALL-UNNAMED --add-opens=java.base/sun.nio.fs=ALL-UNNAMED -Declipse.application=org.eclipse.jdt.ls.core.id1 -Dosgi.bundles.defaultStartLevel=4 -Declipse.product=org.eclipse.jdt.ls.core.product -Djava.import.generatesMetadataFilesAtProjectRoot=false -DDetectVMInstallationsJob.disabled=true -Dfile.encoding=utf8 -XX:+UseParallelGC -XX:GCTimeRatio=4 -XX:AdaptiveSizePolicyWeight=90 -Dsun.zip.disableMemoryMapping=true -Xmx2G -Xms100m -Xlog:disable -javaagent:c:\Users\USER\.antigravity\extensions\redhat.java-1.50.0-win32-x64\lombok\lombok-1.18.39-4050.jar -XX:+HeapDumpOnOutOfMemoryError -XX:HeapDumpPath=c:\Users\USER\AppData\Roaming\Antigravity\User\workspaceStorage\c3891aad2a8c1fb709b3631fa8da7d99\redhat.java -Daether.dependencyCollector.impl=bf 
java_command: c:\Users\USER\.antigravity\extensions\redhat.java-1.50.0-win32-x64\server\plugins\org.eclipse.equinox.launcher_1.7.100.v20251111-0406.jar -configuration c:\Users\USER\AppData\Roaming\Antigravity\User\globalStorage\redhat.java\1.50.0\config_win -data c:\Users\USER\AppData\Roaming\Antigravity\User\workspaceStorage\c3891aad2a8c1fb709b3631fa8da7d99\redhat.java\jdt_ws --pipe=\\.\pipe\lsp-a26678d0388bdc0bd8834fec85c5e2cc-sock
java_class_path (initial): c:\Users\USER\.antigravity\extensions\redhat.java-1.50.0-win32-x64\server\plugins\org.eclipse.equinox.launcher_1.7.100.v20251111-0406.jar
Launcher Type: SUN_STANDARD

[Global flags]
    uintx AdaptiveSizePolicyWeight                 = 90                                        {product} {command line}
     intx CICompilerCount                          = 3                                         {product} {ergonomic}
    uintx GCTimeRatio                              = 4                                         {product} {command line}
     bool HeapDumpOnOutOfMemoryError               = true                                   {manageable} {command line}
    ccstr HeapDumpPath                             = c:\Users\USER\AppData\Roaming\Antigravity\User\workspaceStorage\c3891aad2a8c1fb709b3631fa8da7d99\redhat.java         {manageable} {command line}
   size_t InitialHeapSize                          = 104857600                                 {product} {command line}
   size_t MaxHeapSize                              = 2147483648                                {product} {command line}
   size_t MaxNewSize                               = 715653120                                 {product} {ergonomic}
   size_t MinHeapDeltaBytes                        = 524288                                    {product} {ergonomic}
   size_t MinHeapSize                              = 104857600                                 {product} {command line}
   size_t NewSize                                  = 34603008                                  {product} {ergonomic}
    uintx NonNMethodCodeHeapSize                   = 5832780                                {pd product} {ergonomic}
    uintx NonProfiledCodeHeapSize                  = 122912730                              {pd product} {ergonomic}
   size_t OldSize                                  = 70254592                                  {product} {ergonomic}
    uintx ProfiledCodeHeapSize                     = 122912730                              {pd product} {ergonomic}
    uintx ReservedCodeCacheSize                    = 251658240                              {pd product} {ergonomic}
     bool SegmentedCodeCache                       = true                                      {product} {ergonomic}
   size_t SoftMaxHeapSize                          = 2147483648                             {manageable} {ergonomic}
     bool UseCompressedOops                        = true                           {product lp64_product} {ergonomic}
     bool UseLargePagesIndividualAllocation        = false                                  {pd product} {ergonomic}
     bool UseParallelGC                            = true                                      {product} {command line}

Logging:
Log output configuration:
 #0: stdout all=off uptime,level,tags foldmultilines=false
 #1: stderr all=off uptime,level,tags foldmultilines=false

Release file:
JAVA_VERSION="21.0.9" 
MODULES="java.base java.compiler java.datatransfer java.xml java.prefs java.desktop java.instrument java.logging java.management java.security.sasl java.naming java.rmi java.management.rmi java.net.http java.scripting java.security.jgss java.transaction.xa java.sql java.sql.rowset java.xml.crypto java.se java.smartcardio jdk.accessibility jdk.internal.jvmstat jdk.attach jdk.charsets jdk.internal.opt jdk.zipfs jdk.compiler jdk.crypto.ec jdk.crypto.cryptoki jdk.crypto.mscapi jdk.dynalink jdk.internal.ed jdk.editpad jdk.hotspot.agent jdk.httpserver jdk.internal.le jdk.internal.vm.ci jdk.internal.vm.compiler jdk.internal.vm.compiler.management jdk.jartool jdk.javadoc jdk.jcmd jdk.management jdk.management.agent jdk.jconsole jdk.jdeps jdk.jdwp.agent jdk.jdi jdk.jfr jdk.jshell jdk.jsobject jdk.jstatd jdk.localedata jdk.management.jfr jdk.naming.dns jdk.naming.rmi jdk.net jdk.nio.mapmode jdk.random jdk.sctp jdk.security.auth jdk.security.jgss jdk.unsupported jdk.unsupported.desktop jdk.xml.dom" 

Environment Variables:
JAVA_HOME=C:\Program Files\Eclipse Adoptium\jdk-25.0.0.36-hotspot
PATH=C:\Program Files (x86)\Common Files\Oracle\Java\javapath;C:\Program Files\Eclipse Adoptium\jre-25.0.0.36-hotspot\bin;C:\Program Files\Eclipse Adoptium\jdk-25.0.0.36-hotspot\bin;C:\PROGRA~2\Borland\CBUILD~1\Bin;C:\PROGRA~2\Borland\CBUILD~1\Projects\Bpl;C:\WINDOWS\system32;C:\WINDOWS;C:\WINDOWS\System32\Wbem;C:\WINDOWS\System32\WindowsPowerShell\v1.0\;C:\WINDOWS\System32\OpenSSH\;C:\Program Files\Java\jdk-17\bin;C:\Program Files\nodejs\;c:\Users\USER\AppData\Local\Programs\cursor\resources\app\bin;c:\Users\USER\AppData\Local\Programs\cursor\resources\app\bin;C:\Program Files\Git\cmd;%JAVA_HOME%\bin;C:\Users\USER\AppData\Local\Programs\Python\Python313\Scripts\;C:\Users\USER\AppData\Local\Programs\Python\Python313\;C:\Users\USER\AppData\Local\Programs\Python\Launcher\;C:\Users\USER\AppData\Local\Microsoft\WindowsApps;C:\Users\USER\AppData\Local\Programs\Microsoft VS Code\bin;C:\Users\USER\AppData\Roaming\npm;C:\Users\USER\AppData\Local\GitHubDesktop\bin;C:\Users\USER\AppData\Local\Programs\cursor\resources\app\bin;C:\Users\USER\AppData\Local\Programs\Windsurf\bin;C:\Users\USER\AppData\Local\Programs\Antigravity\bin
USERNAME=USER
OS=Windows_NT
PROCESSOR_IDENTIFIER=AMD64 Family 23 Model 24 Stepping 1, AuthenticAMD
TMP=C:\Users\USER\AppData\Local\Temp
TEMP=C:\Users\USER\AppData\Local\Temp




Periodic native trim disabled

---------------  S Y S T E M  ---------------

OS:
 Windows 11 , 64 bit Build 26100 (10.0.26100.7309)
OS uptime: 5 days 2:22 hours

CPU: total 4 (initial active 4) (4 cores per cpu, 2 threads per core) family 23 model 24 stepping 1 microcode 0x8108109, cx8, cmov, fxsr, ht, mmx, 3dnowpref, sse, sse2, sse3, ssse3, sse4a, sse4.1, sse4.2, popcnt, lzcnt, tsc, tscinvbit, avx, avx2, aes, clmul, bmi1, bmi2, adx, sha, fma, vzeroupper, clflush, clflushopt, rdtscp, f16c
Processor Information for the first 4 processors :
  Max Mhz: 2600, Current Mhz: 2600, Mhz Limit: 2600

Memory: 4k page, system-wide physical 6059M (482M free)
TotalPageFile size 24491M (AvailPageFile size 0M)
current process WorkingSet (physical memory assigned to process): 10M, peak: 224M
current process commit charge ("private bytes"): 330M, peak: 352M

vm_info: OpenJDK 64-Bit Server VM (21.0.9+10-LTS) for windows-amd64 JRE (21.0.9+10-LTS), built on 2025-10-21T00:00:00Z by "admin" with unknown MS VC++:1942

END.
